-- Found ament_cmake: 0.8.3 (/home/steags/ros2_eloquent/install/ament_cmake/share/ament_cmake/cmake)
-- Found PythonInterp: /home/steags/anaconda3/envs/py36/bin/python3 (found suitable version "3.6.6", minimum required is "3") 
-- Using PYTHON_EXECUTABLE: /home/steags/anaconda3/envs/py36/bin/python3
-- Found ament_lint_auto: 0.8.2 (/home/steags/ros2_eloquent/install/ament_lint_auto/share/ament_lint_auto/cmake)
-- Added test 'copyright' to check for copyright in CMake / C / C++ / Python code
-- Added test 'cppcheck' to perform static code analysis on C / C++ code
-- Configured cppcheck include dirs: 
-- Added test 'cpplint' to check C / C++ code against the Google style
-- Added test 'lint_cmake' to check CMake code style
-- Added test 'uncrustify' to check C / C++ code style
-- Added test 'xmllint' to check XML markup files
-- Configuring done
-- Generating done
-- Build files have been written to: /home/steags/Documents/Jussieu/M2/MAOA/PDI_Project/ROS2_workspace/build/cpp_routes_listener
-- Install configuration: ""
-- Installing: /home/steags/Documents/Jussieu/M2/MAOA/PDI_Project/ROS2_workspace/install/cpp_routes_listener/share/ament_index/resource_index/package_run_dependencies/cpp_routes_listener
-- Installing: /home/steags/Documents/Jussieu/M2/MAOA/PDI_Project/ROS2_workspace/install/cpp_routes_listener/share/ament_index/resource_index/parent_prefix_path/cpp_routes_listener
-- Installing: /home/steags/Documents/Jussieu/M2/MAOA/PDI_Project/ROS2_workspace/install/cpp_routes_listener/share/cpp_routes_listener/environment/ament_prefix_path.sh
-- Installing: /home/steags/Documents/Jussieu/M2/MAOA/PDI_Project/ROS2_workspace/install/cpp_routes_listener/share/cpp_routes_listener/environment/ament_prefix_path.dsv
-- Installing: /home/steags/Documents/Jussieu/M2/MAOA/PDI_Project/ROS2_workspace/install/cpp_routes_listener/share/cpp_routes_listener/environment/path.sh
-- Installing: /home/steags/Documents/Jussieu/M2/MAOA/PDI_Project/ROS2_workspace/install/cpp_routes_listener/share/cpp_routes_listener/environment/path.dsv
-- Installing: /home/steags/Documents/Jussieu/M2/MAOA/PDI_Project/ROS2_workspace/install/cpp_routes_listener/share/cpp_routes_listener/local_setup.bash
-- Installing: /home/steags/Documents/Jussieu/M2/MAOA/PDI_Project/ROS2_workspace/install/cpp_routes_listener/share/cpp_routes_listener/local_setup.sh
-- Installing: /home/steags/Documents/Jussieu/M2/MAOA/PDI_Project/ROS2_workspace/install/cpp_routes_listener/share/cpp_routes_listener/local_setup.zsh
-- Installing: /home/steags/Documents/Jussieu/M2/MAOA/PDI_Project/ROS2_workspace/install/cpp_routes_listener/share/cpp_routes_listener/local_setup.dsv
-- Installing: /home/steags/Documents/Jussieu/M2/MAOA/PDI_Project/ROS2_workspace/install/cpp_routes_listener/share/cpp_routes_listener/package.dsv
-- Installing: /home/steags/Documents/Jussieu/M2/MAOA/PDI_Project/ROS2_workspace/install/cpp_routes_listener/share/ament_index/resource_index/packages/cpp_routes_listener
-- Installing: /home/steags/Documents/Jussieu/M2/MAOA/PDI_Project/ROS2_workspace/install/cpp_routes_listener/share/cpp_routes_listener/cmake/cpp_routes_listenerConfig.cmake
-- Installing: /home/steags/Documents/Jussieu/M2/MAOA/PDI_Project/ROS2_workspace/install/cpp_routes_listener/share/cpp_routes_listener/cmake/cpp_routes_listenerConfig-version.cmake
-- Installing: /home/steags/Documents/Jussieu/M2/MAOA/PDI_Project/ROS2_workspace/install/cpp_routes_listener/share/cpp_routes_listener/package.xml
