[4.789s] DEBUG:colcon:Command line arguments: ['/usr/bin/colcon', 'build']
[4.789s] DEBUG:colcon:Parsed command line arguments: Namespace(ament_cmake_args=None, base_paths=['.'], build_base='build', catkin_cmake_args=None, catkin_skip_building_tests=False, cmake_args=None, cmake_clean_cache=False, cmake_clean_first=False, cmake_force_configure=False, cmake_target=None, cmake_target_skip_unavailable=False, continue_on_error=False, event_handlers=None, executor='parallel', ignore_user_meta=False, install_base='install', log_base=None, log_level=None, main=<bound method BuildVerb.main of <colcon_core.verb.build.BuildVerb object at 0x7f9b29b370f0>>, merge_install=False, metas=['./colcon.meta'], packages_above=None, packages_above_and_dependencies=None, packages_above_depth=None, packages_end=None, packages_ignore=None, packages_ignore_regex=None, packages_select=None, packages_select_build_failed=False, packages_select_by_dep=None, packages_select_regex=None, packages_select_test_failures=False, packages_skip=None, packages_skip_build_finished=False, packages_skip_by_dep=None, packages_skip_regex=None, packages_skip_test_passed=False, packages_skip_up_to=None, packages_start=None, packages_up_to=None, packages_up_to_regex=None, parallel_workers=8, paths=None, symlink_install=False, test_result_base=None, verb_extension=<colcon_core.verb.build.BuildVerb object at 0x7f9b29b370f0>, verb_name='build', verb_parser=<colcon_defaults.argument_parser.defaults.DefaultArgumentsDecorator object at 0x7f9b29b37358>)
[4.992s] Level 1:colcon.colcon_core.package_discovery:discover_packages(colcon_meta) check parameters
[4.992s] Level 1:colcon.colcon_core.package_discovery:discover_packages(recursive) check parameters
[4.992s] Level 1:colcon.colcon_core.package_discovery:discover_packages(ignore) check parameters
[4.992s] Level 1:colcon.colcon_core.package_discovery:discover_packages(path) check parameters
[4.992s] Level 1:colcon.colcon_core.package_discovery:discover_packages(colcon_meta) discover
[4.993s] Level 1:colcon.colcon_core.package_discovery:discover_packages(recursive) discover
[4.993s] INFO:colcon.colcon_core.package_discovery:Crawling recursively for packages in '/home/steags/Documents/Jussieu/M2/MAOA/PDI_Project/ROS2_workspace'
[4.993s] Level 1:colcon.colcon_core.package_identification:_identify(.) by extensions ['ignore', 'ignore_ament_install']
[4.993s] Level 1:colcon.colcon_core.package_identification:_identify(.) by extension 'ignore'
[4.993s] Level 1:colcon.colcon_core.package_identification:_identify(.) by extension 'ignore_ament_install'
[4.993s] Level 1:colcon.colcon_core.package_identification:_identify(.) by extensions ['colcon_pkg']
[4.993s] Level 1:colcon.colcon_core.package_identification:_identify(.) by extension 'colcon_pkg'
[4.993s] Level 1:colcon.colcon_core.package_identification:_identify(.) by extensions ['colcon_meta']
[4.993s] Level 1:colcon.colcon_core.package_identification:_identify(.) by extension 'colcon_meta'
[4.993s] Level 1:colcon.colcon_core.package_identification:_identify(.) by extensions ['ros']
[4.993s] Level 1:colcon.colcon_core.package_identification:_identify(.) by extension 'ros'
[5.044s] Level 1:colcon.colcon_core.package_identification:_identify(.) by extensions ['cmake', 'python']
[5.044s] Level 1:colcon.colcon_core.package_identification:_identify(.) by extension 'cmake'
[5.044s] Level 1:colcon.colcon_core.package_identification:_identify(.) by extension 'python'
[5.044s] Level 1:colcon.colcon_core.package_identification:_identify(.) by extensions ['python_setup_py']
[5.044s] Level 1:colcon.colcon_core.package_identification:_identify(.) by extension 'python_setup_py'
[5.044s] Level 1:colcon.colcon_core.package_identification:_identify(build) by extensions ['ignore', 'ignore_ament_install']
[5.045s] Level 1:colcon.colcon_core.package_identification:_identify(build) by extension 'ignore'
[5.045s] Level 1:colcon.colcon_core.package_identification:_identify(build) ignored
[5.045s] Level 1:colcon.colcon_core.package_identification:_identify(install) by extensions ['ignore', 'ignore_ament_install']
[5.045s] Level 1:colcon.colcon_core.package_identification:_identify(install) by extension 'ignore'
[5.045s] Level 1:colcon.colcon_core.package_identification:_identify(install) ignored
[5.045s] Level 1:colcon.colcon_core.package_identification:_identify(log) by extensions ['ignore', 'ignore_ament_install']
[5.045s] Level 1:colcon.colcon_core.package_identification:_identify(log) by extension 'ignore'
[5.045s] Level 1:colcon.colcon_core.package_identification:_identify(log) ignored
[5.046s] Level 1:colcon.colcon_core.package_identification:_identify(src) by extensions ['ignore', 'ignore_ament_install']
[5.046s] Level 1:colcon.colcon_core.package_identification:_identify(src) by extension 'ignore'
[5.046s] Level 1:colcon.colcon_core.package_identification:_identify(src) by extension 'ignore_ament_install'
[5.046s] Level 1:colcon.colcon_core.package_identification:_identify(src) by extensions ['colcon_pkg']
[5.046s] Level 1:colcon.colcon_core.package_identification:_identify(src) by extension 'colcon_pkg'
[5.046s] Level 1:colcon.colcon_core.package_identification:_identify(src) by extensions ['colcon_meta']
[5.046s] Level 1:colcon.colcon_core.package_identification:_identify(src) by extension 'colcon_meta'
[5.046s] Level 1:colcon.colcon_core.package_identification:_identify(src) by extensions ['ros']
[5.046s] Level 1:colcon.colcon_core.package_identification:_identify(src) by extension 'ros'
[5.046s] Level 1:colcon.colcon_core.package_identification:_identify(src) by extensions ['cmake', 'python']
[5.046s] Level 1:colcon.colcon_core.package_identification:_identify(src) by extension 'cmake'
[5.046s] Level 1:colcon.colcon_core.package_identification:_identify(src) by extension 'python'
[5.046s] Level 1:colcon.colcon_core.package_identification:_identify(src) by extensions ['python_setup_py']
[5.046s] Level 1:colcon.colcon_core.package_identification:_identify(src) by extension 'python_setup_py'
[5.046s] Level 1:colcon.colcon_core.package_identification:_identify(src/cpp_routes_listener) by extensions ['ignore', 'ignore_ament_install']
[5.047s] Level 1:colcon.colcon_core.package_identification:_identify(src/cpp_routes_listener) by extension 'ignore'
[5.047s] Level 1:colcon.colcon_core.package_identification:_identify(src/cpp_routes_listener) by extension 'ignore_ament_install'
[5.047s] Level 1:colcon.colcon_core.package_identification:_identify(src/cpp_routes_listener) by extensions ['colcon_pkg']
[5.047s] Level 1:colcon.colcon_core.package_identification:_identify(src/cpp_routes_listener) by extension 'colcon_pkg'
[5.047s] Level 1:colcon.colcon_core.package_identification:_identify(src/cpp_routes_listener) by extensions ['colcon_meta']
[5.047s] Level 1:colcon.colcon_core.package_identification:_identify(src/cpp_routes_listener) by extension 'colcon_meta'
[5.047s] Level 1:colcon.colcon_core.package_identification:_identify(src/cpp_routes_listener) by extensions ['ros']
[5.047s] Level 1:colcon.colcon_core.package_identification:_identify(src/cpp_routes_listener) by extension 'ros'
[5.091s] DEBUG:colcon.colcon_core.package_identification:Package 'src/cpp_routes_listener' with type 'ros.ament_cmake' and name 'cpp_routes_listener'
[5.091s] Level 1:colcon.colcon_core.package_identification:_identify(src/cvrp) by extensions ['ignore', 'ignore_ament_install']
[5.091s] Level 1:colcon.colcon_core.package_identification:_identify(src/cvrp) by extension 'ignore'
[5.091s] Level 1:colcon.colcon_core.package_identification:_identify(src/cvrp) by extension 'ignore_ament_install'
[5.091s] Level 1:colcon.colcon_core.package_identification:_identify(src/cvrp) by extensions ['colcon_pkg']
[5.091s] Level 1:colcon.colcon_core.package_identification:_identify(src/cvrp) by extension 'colcon_pkg'
[5.091s] Level 1:colcon.colcon_core.package_identification:_identify(src/cvrp) by extensions ['colcon_meta']
[5.091s] Level 1:colcon.colcon_core.package_identification:_identify(src/cvrp) by extension 'colcon_meta'
[5.091s] Level 1:colcon.colcon_core.package_identification:_identify(src/cvrp) by extensions ['ros']
[5.091s] Level 1:colcon.colcon_core.package_identification:_identify(src/cvrp) by extension 'ros'
[5.092s] DEBUG:colcon.colcon_core.package_identification:Package 'src/cvrp' with type 'ros.ament_cmake' and name 'cvrp'
[5.092s] Level 1:colcon.colcon_core.package_discovery:discover_packages(recursive) using defaults
[5.093s] Level 1:colcon.colcon_core.package_discovery:discover_packages(ignore) discover
[5.093s] Level 1:colcon.colcon_core.package_discovery:discover_packages(ignore) using defaults
[5.093s] Level 1:colcon.colcon_core.package_discovery:discover_packages(path) discover
[5.093s] Level 1:colcon.colcon_core.package_discovery:discover_packages(path) using defaults
[5.246s] Level 5:colcon.colcon_core.verb:set package 'cpp_routes_listener' build argument 'cmake_args' from command line to 'None'
[5.246s] Level 5:colcon.colcon_core.verb:set package 'cpp_routes_listener' build argument 'cmake_target' from command line to 'None'
[5.246s] Level 5:colcon.colcon_core.verb:set package 'cpp_routes_listener' build argument 'cmake_target_skip_unavailable' from command line to 'False'
[5.246s] Level 5:colcon.colcon_core.verb:set package 'cpp_routes_listener' build argument 'cmake_clean_cache' from command line to 'False'
[5.246s] Level 5:colcon.colcon_core.verb:set package 'cpp_routes_listener' build argument 'cmake_clean_first' from command line to 'False'
[5.246s] Level 5:colcon.colcon_core.verb:set package 'cpp_routes_listener' build argument 'cmake_force_configure' from command line to 'False'
[5.246s] Level 5:colcon.colcon_core.verb:set package 'cpp_routes_listener' build argument 'ament_cmake_args' from command line to 'None'
[5.246s] Level 5:colcon.colcon_core.verb:set package 'cpp_routes_listener' build argument 'catkin_cmake_args' from command line to 'None'
[5.246s] Level 5:colcon.colcon_core.verb:set package 'cpp_routes_listener' build argument 'catkin_skip_building_tests' from command line to 'False'
[5.246s] DEBUG:colcon.colcon_core.verb:Building package 'cpp_routes_listener' with the following arguments: {'ament_cmake_args': None, 'build_base': '/home/steags/Documents/Jussieu/M2/MAOA/PDI_Project/ROS2_workspace/build/cpp_routes_listener', 'catkin_cmake_args': None, 'catkin_skip_building_tests': False, 'cmake_args': None, 'cmake_clean_cache': False, 'cmake_clean_first': False, 'cmake_force_configure': False, 'cmake_target': None, 'cmake_target_skip_unavailable': False, 'install_base': '/home/steags/Documents/Jussieu/M2/MAOA/PDI_Project/ROS2_workspace/install/cpp_routes_listener', 'merge_install': False, 'path': '/home/steags/Documents/Jussieu/M2/MAOA/PDI_Project/ROS2_workspace/src/cpp_routes_listener', 'symlink_install': False, 'test_result_base': None}
[5.251s] Level 5:colcon.colcon_core.verb:set package 'cvrp' build argument 'cmake_args' from command line to 'None'
[5.251s] Level 5:colcon.colcon_core.verb:set package 'cvrp' build argument 'cmake_target' from command line to 'None'
[5.251s] Level 5:colcon.colcon_core.verb:set package 'cvrp' build argument 'cmake_target_skip_unavailable' from command line to 'False'
[5.251s] Level 5:colcon.colcon_core.verb:set package 'cvrp' build argument 'cmake_clean_cache' from command line to 'False'
[5.251s] Level 5:colcon.colcon_core.verb:set package 'cvrp' build argument 'cmake_clean_first' from command line to 'False'
[5.251s] Level 5:colcon.colcon_core.verb:set package 'cvrp' build argument 'cmake_force_configure' from command line to 'False'
[5.251s] Level 5:colcon.colcon_core.verb:set package 'cvrp' build argument 'ament_cmake_args' from command line to 'None'
[5.251s] Level 5:colcon.colcon_core.verb:set package 'cvrp' build argument 'catkin_cmake_args' from command line to 'None'
[5.251s] Level 5:colcon.colcon_core.verb:set package 'cvrp' build argument 'catkin_skip_building_tests' from command line to 'False'
[5.251s] DEBUG:colcon.colcon_core.verb:Building package 'cvrp' with the following arguments: {'ament_cmake_args': None, 'build_base': '/home/steags/Documents/Jussieu/M2/MAOA/PDI_Project/ROS2_workspace/build/cvrp', 'catkin_cmake_args': None, 'catkin_skip_building_tests': False, 'cmake_args': None, 'cmake_clean_cache': False, 'cmake_clean_first': False, 'cmake_force_configure': False, 'cmake_target': None, 'cmake_target_skip_unavailable': False, 'install_base': '/home/steags/Documents/Jussieu/M2/MAOA/PDI_Project/ROS2_workspace/install/cvrp', 'merge_install': False, 'path': '/home/steags/Documents/Jussieu/M2/MAOA/PDI_Project/ROS2_workspace/src/cvrp', 'symlink_install': False, 'test_result_base': None}
[5.252s] INFO:colcon.colcon_core.executor:Executing jobs using 'parallel' executor
[5.254s] DEBUG:colcon.colcon_parallel_executor.executor.parallel:run_until_complete
[5.255s] INFO:colcon.colcon_ros.task.ament_cmake.build:Building ROS package in '/home/steags/Documents/Jussieu/M2/MAOA/PDI_Project/ROS2_workspace/src/cpp_routes_listener' with build type 'ament_cmake'
[5.255s] INFO:colcon.colcon_cmake.task.cmake.build:Building CMake package in '/home/steags/Documents/Jussieu/M2/MAOA/PDI_Project/ROS2_workspace/src/cpp_routes_listener'
[5.435s] INFO:colcon.colcon_core.plugin_system:Skipping extension 'colcon_core.shell.bat': Not used on non-Windows systems
[5.435s] INFO:colcon.colcon_core.shell:Skip shell extension 'powershell' for command environment: Not usable outside of PowerShell
[5.435s] DEBUG:colcon.colcon_core.shell:Skip shell extension 'dsv' for command environment
[5.514s] INFO:colcon.colcon_ros.task.ament_cmake.build:Building ROS package in '/home/steags/Documents/Jussieu/M2/MAOA/PDI_Project/ROS2_workspace/src/cvrp' with build type 'ament_cmake'
[5.514s] INFO:colcon.colcon_cmake.task.cmake.build:Building CMake package in '/home/steags/Documents/Jussieu/M2/MAOA/PDI_Project/ROS2_workspace/src/cvrp'
[5.515s] INFO:colcon.colcon_core.shell:Skip shell extension 'powershell' for command environment: Not usable outside of PowerShell
[5.515s] DEBUG:colcon.colcon_core.shell:Skip shell extension 'dsv' for command environment
[5.626s] DEBUG:colcon.colcon_core.event_handler.log_command:Invoking command in '/home/steags/Documents/Jussieu/M2/MAOA/PDI_Project/ROS2_workspace/build/cpp_routes_listener': CMAKE_PREFIX_PATH=${CMAKE_PREFIX_PATH}:/home/steags/ros2_eloquent/install/ros2bag:/home/steags/ros2_eloquent/install/tracetools_launch:/home/steags/ros2_eloquent/install/topic_monitor:/home/steags/ros2_eloquent/install/examples_tf2_py:/home/steags/ros2_eloquent/install/sros2:/home/steags/ros2_eloquent/install/rqt_topic:/home/steags/ros2_eloquent/install/rqt_reconfigure:/home/steags/ros2_eloquent/install/rqt_action:/home/steags/ros2_eloquent/install/rqt:/home/steags/ros2_eloquent/install/rqt_graph:/home/steags/ros2_eloquent/install/rqt_gui_py:/home/steags/ros2_eloquent/install/rqt_gui:/home/steags/ros2_eloquent/install/ros2trace:/home/steags/ros2_eloquent/install/ros2topic:/home/steags/ros2_eloquent/install/ros2test:/home/steags/ros2_eloquent/install/ros2srv:/home/steags/ros2_eloquent/install/ros2component:/home/steags/ros2_eloquent/install/ros2param:/home/steags/ros2_eloquent/install/ros2lifecycle:/home/steags/ros2_eloquent/install/ros2service:/home/steags/ros2_eloquent/install/ros2run:/home/steags/ros2_eloquent/install/ros2launch:/home/steags/ros2_eloquent/install/ros2pkg:/home/steags/ros2_eloquent/install/ros2node:/home/steags/ros2_eloquent/install/ros2multicast:/home/steags/ros2_eloquent/install/ros2msg:/home/steags/ros2_eloquent/install/ros2interface:/home/steags/ros2_eloquent/install/ros2doctor:/home/steags/ros2_eloquent/install/ros2action:/home/steags/ros2_eloquent/install/ros2cli:/home/steags/ros2_eloquent/install/quality_of_service_demo_py:/home/steags/ros2_eloquent/install/launch_testing_ros:/home/steags/ros2_eloquent/install/launch_ros:/home/steags/ros2_eloquent/install/examples_rclpy_minimal_subscriber:/home/steags/ros2_eloquent/install/examples_rclpy_minimal_service:/home/steags/ros2_eloquent/install/examples_rclpy_minimal_publisher:/home/steags/ros2_eloquent/install/examples_rclpy_minimal_client:/home/steags/ros2_eloquent/install/examples_rclpy_minimal_action_server:/home/steags/ros2_eloquent/install/examples_rclpy_minimal_action_client:/home/steags/ros2_eloquent/install/examples_rclpy_executors:/home/steags/ros2_eloquent/install/demo_nodes_py:/home/steags/ros2_eloquent/install/action_tutorials_py:/home/steags/ros2_eloquent/install/ament_uncrustify:/home/steags/ros2_eloquent/install/tracetools_trace:/home/steags/ros2_eloquent/install/tracetools_read:/home/steags/ros2_eloquent/install/test_launch_ros:/home/steags/ros2_eloquent/install/rosidl_runtime_py:/home/steags/ros2_eloquent/install/launch_yaml:/home/steags/ros2_eloquent/install/launch_xml:/home/steags/ros2_eloquent/install/launch_testing:/home/steags/ros2_eloquent/install/launch:/home/steags/ros2_eloquent/install/osrf_pycommon:/home/steags/ros2_eloquent/install/domain_coordinator:/home/steags/ros2_eloquent/install/ament_xmllint:/home/steags/ros2_eloquent/install/ament_pyflakes:/home/steags/ros2_eloquent/install/ament_pep8:/home/steags/ros2_eloquent/install/ament_pep257:/home/steags/ros2_eloquent/install/ament_pclint:/home/steags/ros2_eloquent/install/ament_package:/home/steags/ros2_eloquent/install/ament_mypy:/home/steags/ros2_eloquent/install/ament_lint_cmake:/home/steags/ros2_eloquent/install/ament_flake8:/home/steags/ros2_eloquent/install/ament_copyright:/home/steags/ros2_eloquent/install/ament_lint:/home/steags/ros2_eloquent/install/ament_index_python:/home/steags/ros2_eloquent/install/ament_cpplint:/home/steags/ros2_eloquent/install/ament_cppcheck:/home/steags/ros2_eloquent/install/ament_clang_tidy:/home/steags/ros2_eloquent/install/ament_clang_format CONDA_PROMPT_MODIFIER=(base) /usr/local/bin/cmake --build /home/steags/Documents/Jussieu/M2/MAOA/PDI_Project/ROS2_workspace/build/cpp_routes_listener -- -j8 -l8
[5.802s] DEBUG:colcon.colcon_core.event_handler.log_command:Invoking command in '/home/steags/Documents/Jussieu/M2/MAOA/PDI_Project/ROS2_workspace/build/cvrp': CMAKE_PREFIX_PATH=${CMAKE_PREFIX_PATH}:/home/steags/ros2_eloquent/install/ros2bag:/home/steags/ros2_eloquent/install/tracetools_launch:/home/steags/ros2_eloquent/install/topic_monitor:/home/steags/ros2_eloquent/install/examples_tf2_py:/home/steags/ros2_eloquent/install/sros2:/home/steags/ros2_eloquent/install/rqt_topic:/home/steags/ros2_eloquent/install/rqt_reconfigure:/home/steags/ros2_eloquent/install/rqt_action:/home/steags/ros2_eloquent/install/rqt:/home/steags/ros2_eloquent/install/rqt_graph:/home/steags/ros2_eloquent/install/rqt_gui_py:/home/steags/ros2_eloquent/install/rqt_gui:/home/steags/ros2_eloquent/install/ros2trace:/home/steags/ros2_eloquent/install/ros2topic:/home/steags/ros2_eloquent/install/ros2test:/home/steags/ros2_eloquent/install/ros2srv:/home/steags/ros2_eloquent/install/ros2component:/home/steags/ros2_eloquent/install/ros2param:/home/steags/ros2_eloquent/install/ros2lifecycle:/home/steags/ros2_eloquent/install/ros2service:/home/steags/ros2_eloquent/install/ros2run:/home/steags/ros2_eloquent/install/ros2launch:/home/steags/ros2_eloquent/install/ros2pkg:/home/steags/ros2_eloquent/install/ros2node:/home/steags/ros2_eloquent/install/ros2multicast:/home/steags/ros2_eloquent/install/ros2msg:/home/steags/ros2_eloquent/install/ros2interface:/home/steags/ros2_eloquent/install/ros2doctor:/home/steags/ros2_eloquent/install/ros2action:/home/steags/ros2_eloquent/install/ros2cli:/home/steags/ros2_eloquent/install/quality_of_service_demo_py:/home/steags/ros2_eloquent/install/launch_testing_ros:/home/steags/ros2_eloquent/install/launch_ros:/home/steags/ros2_eloquent/install/examples_rclpy_minimal_subscriber:/home/steags/ros2_eloquent/install/examples_rclpy_minimal_service:/home/steags/ros2_eloquent/install/examples_rclpy_minimal_publisher:/home/steags/ros2_eloquent/install/examples_rclpy_minimal_client:/home/steags/ros2_eloquent/install/examples_rclpy_minimal_action_server:/home/steags/ros2_eloquent/install/examples_rclpy_minimal_action_client:/home/steags/ros2_eloquent/install/examples_rclpy_executors:/home/steags/ros2_eloquent/install/demo_nodes_py:/home/steags/ros2_eloquent/install/action_tutorials_py:/home/steags/ros2_eloquent/install/ament_uncrustify:/home/steags/ros2_eloquent/install/tracetools_trace:/home/steags/ros2_eloquent/install/tracetools_read:/home/steags/ros2_eloquent/install/test_launch_ros:/home/steags/ros2_eloquent/install/rosidl_runtime_py:/home/steags/ros2_eloquent/install/launch_yaml:/home/steags/ros2_eloquent/install/launch_xml:/home/steags/ros2_eloquent/install/launch_testing:/home/steags/ros2_eloquent/install/launch:/home/steags/ros2_eloquent/install/osrf_pycommon:/home/steags/ros2_eloquent/install/domain_coordinator:/home/steags/ros2_eloquent/install/ament_xmllint:/home/steags/ros2_eloquent/install/ament_pyflakes:/home/steags/ros2_eloquent/install/ament_pep8:/home/steags/ros2_eloquent/install/ament_pep257:/home/steags/ros2_eloquent/install/ament_pclint:/home/steags/ros2_eloquent/install/ament_package:/home/steags/ros2_eloquent/install/ament_mypy:/home/steags/ros2_eloquent/install/ament_lint_cmake:/home/steags/ros2_eloquent/install/ament_flake8:/home/steags/ros2_eloquent/install/ament_copyright:/home/steags/ros2_eloquent/install/ament_lint:/home/steags/ros2_eloquent/install/ament_index_python:/home/steags/ros2_eloquent/install/ament_cpplint:/home/steags/ros2_eloquent/install/ament_cppcheck:/home/steags/ros2_eloquent/install/ament_clang_tidy:/home/steags/ros2_eloquent/install/ament_clang_format CONDA_PROMPT_MODIFIER=(base) /usr/local/bin/cmake --build /home/steags/Documents/Jussieu/M2/MAOA/PDI_Project/ROS2_workspace/build/cvrp -- -j8 -l8
[7.554s] DEBUG:colcon.colcon_core.event_handler.log_command:Invoked command in '/home/steags/Documents/Jussieu/M2/MAOA/PDI_Project/ROS2_workspace/build/cpp_routes_listener' returned '0': CMAKE_PREFIX_PATH=${CMAKE_PREFIX_PATH}:/home/steags/ros2_eloquent/install/ros2bag:/home/steags/ros2_eloquent/install/tracetools_launch:/home/steags/ros2_eloquent/install/topic_monitor:/home/steags/ros2_eloquent/install/examples_tf2_py:/home/steags/ros2_eloquent/install/sros2:/home/steags/ros2_eloquent/install/rqt_topic:/home/steags/ros2_eloquent/install/rqt_reconfigure:/home/steags/ros2_eloquent/install/rqt_action:/home/steags/ros2_eloquent/install/rqt:/home/steags/ros2_eloquent/install/rqt_graph:/home/steags/ros2_eloquent/install/rqt_gui_py:/home/steags/ros2_eloquent/install/rqt_gui:/home/steags/ros2_eloquent/install/ros2trace:/home/steags/ros2_eloquent/install/ros2topic:/home/steags/ros2_eloquent/install/ros2test:/home/steags/ros2_eloquent/install/ros2srv:/home/steags/ros2_eloquent/install/ros2component:/home/steags/ros2_eloquent/install/ros2param:/home/steags/ros2_eloquent/install/ros2lifecycle:/home/steags/ros2_eloquent/install/ros2service:/home/steags/ros2_eloquent/install/ros2run:/home/steags/ros2_eloquent/install/ros2launch:/home/steags/ros2_eloquent/install/ros2pkg:/home/steags/ros2_eloquent/install/ros2node:/home/steags/ros2_eloquent/install/ros2multicast:/home/steags/ros2_eloquent/install/ros2msg:/home/steags/ros2_eloquent/install/ros2interface:/home/steags/ros2_eloquent/install/ros2doctor:/home/steags/ros2_eloquent/install/ros2action:/home/steags/ros2_eloquent/install/ros2cli:/home/steags/ros2_eloquent/install/quality_of_service_demo_py:/home/steags/ros2_eloquent/install/launch_testing_ros:/home/steags/ros2_eloquent/install/launch_ros:/home/steags/ros2_eloquent/install/examples_rclpy_minimal_subscriber:/home/steags/ros2_eloquent/install/examples_rclpy_minimal_service:/home/steags/ros2_eloquent/install/examples_rclpy_minimal_publisher:/home/steags/ros2_eloquent/install/examples_rclpy_minimal_client:/home/steags/ros2_eloquent/install/examples_rclpy_minimal_action_server:/home/steags/ros2_eloquent/install/examples_rclpy_minimal_action_client:/home/steags/ros2_eloquent/install/examples_rclpy_executors:/home/steags/ros2_eloquent/install/demo_nodes_py:/home/steags/ros2_eloquent/install/action_tutorials_py:/home/steags/ros2_eloquent/install/ament_uncrustify:/home/steags/ros2_eloquent/install/tracetools_trace:/home/steags/ros2_eloquent/install/tracetools_read:/home/steags/ros2_eloquent/install/test_launch_ros:/home/steags/ros2_eloquent/install/rosidl_runtime_py:/home/steags/ros2_eloquent/install/launch_yaml:/home/steags/ros2_eloquent/install/launch_xml:/home/steags/ros2_eloquent/install/launch_testing:/home/steags/ros2_eloquent/install/launch:/home/steags/ros2_eloquent/install/osrf_pycommon:/home/steags/ros2_eloquent/install/domain_coordinator:/home/steags/ros2_eloquent/install/ament_xmllint:/home/steags/ros2_eloquent/install/ament_pyflakes:/home/steags/ros2_eloquent/install/ament_pep8:/home/steags/ros2_eloquent/install/ament_pep257:/home/steags/ros2_eloquent/install/ament_pclint:/home/steags/ros2_eloquent/install/ament_package:/home/steags/ros2_eloquent/install/ament_mypy:/home/steags/ros2_eloquent/install/ament_lint_cmake:/home/steags/ros2_eloquent/install/ament_flake8:/home/steags/ros2_eloquent/install/ament_copyright:/home/steags/ros2_eloquent/install/ament_lint:/home/steags/ros2_eloquent/install/ament_index_python:/home/steags/ros2_eloquent/install/ament_cpplint:/home/steags/ros2_eloquent/install/ament_cppcheck:/home/steags/ros2_eloquent/install/ament_clang_tidy:/home/steags/ros2_eloquent/install/ament_clang_format CONDA_PROMPT_MODIFIER=(base) /usr/local/bin/cmake --build /home/steags/Documents/Jussieu/M2/MAOA/PDI_Project/ROS2_workspace/build/cpp_routes_listener -- -j8 -l8
[7.606s] DEBUG:colcon.colcon_core.event_handler.log_command:Invoking command in '/home/steags/Documents/Jussieu/M2/MAOA/PDI_Project/ROS2_workspace/build/cpp_routes_listener': CMAKE_PREFIX_PATH=${CMAKE_PREFIX_PATH}:/home/steags/ros2_eloquent/install/ros2bag:/home/steags/ros2_eloquent/install/tracetools_launch:/home/steags/ros2_eloquent/install/topic_monitor:/home/steags/ros2_eloquent/install/examples_tf2_py:/home/steags/ros2_eloquent/install/sros2:/home/steags/ros2_eloquent/install/rqt_topic:/home/steags/ros2_eloquent/install/rqt_reconfigure:/home/steags/ros2_eloquent/install/rqt_action:/home/steags/ros2_eloquent/install/rqt:/home/steags/ros2_eloquent/install/rqt_graph:/home/steags/ros2_eloquent/install/rqt_gui_py:/home/steags/ros2_eloquent/install/rqt_gui:/home/steags/ros2_eloquent/install/ros2trace:/home/steags/ros2_eloquent/install/ros2topic:/home/steags/ros2_eloquent/install/ros2test:/home/steags/ros2_eloquent/install/ros2srv:/home/steags/ros2_eloquent/install/ros2component:/home/steags/ros2_eloquent/install/ros2param:/home/steags/ros2_eloquent/install/ros2lifecycle:/home/steags/ros2_eloquent/install/ros2service:/home/steags/ros2_eloquent/install/ros2run:/home/steags/ros2_eloquent/install/ros2launch:/home/steags/ros2_eloquent/install/ros2pkg:/home/steags/ros2_eloquent/install/ros2node:/home/steags/ros2_eloquent/install/ros2multicast:/home/steags/ros2_eloquent/install/ros2msg:/home/steags/ros2_eloquent/install/ros2interface:/home/steags/ros2_eloquent/install/ros2doctor:/home/steags/ros2_eloquent/install/ros2action:/home/steags/ros2_eloquent/install/ros2cli:/home/steags/ros2_eloquent/install/quality_of_service_demo_py:/home/steags/ros2_eloquent/install/launch_testing_ros:/home/steags/ros2_eloquent/install/launch_ros:/home/steags/ros2_eloquent/install/examples_rclpy_minimal_subscriber:/home/steags/ros2_eloquent/install/examples_rclpy_minimal_service:/home/steags/ros2_eloquent/install/examples_rclpy_minimal_publisher:/home/steags/ros2_eloquent/install/examples_rclpy_minimal_client:/home/steags/ros2_eloquent/install/examples_rclpy_minimal_action_server:/home/steags/ros2_eloquent/install/examples_rclpy_minimal_action_client:/home/steags/ros2_eloquent/install/examples_rclpy_executors:/home/steags/ros2_eloquent/install/demo_nodes_py:/home/steags/ros2_eloquent/install/action_tutorials_py:/home/steags/ros2_eloquent/install/ament_uncrustify:/home/steags/ros2_eloquent/install/tracetools_trace:/home/steags/ros2_eloquent/install/tracetools_read:/home/steags/ros2_eloquent/install/test_launch_ros:/home/steags/ros2_eloquent/install/rosidl_runtime_py:/home/steags/ros2_eloquent/install/launch_yaml:/home/steags/ros2_eloquent/install/launch_xml:/home/steags/ros2_eloquent/install/launch_testing:/home/steags/ros2_eloquent/install/launch:/home/steags/ros2_eloquent/install/osrf_pycommon:/home/steags/ros2_eloquent/install/domain_coordinator:/home/steags/ros2_eloquent/install/ament_xmllint:/home/steags/ros2_eloquent/install/ament_pyflakes:/home/steags/ros2_eloquent/install/ament_pep8:/home/steags/ros2_eloquent/install/ament_pep257:/home/steags/ros2_eloquent/install/ament_pclint:/home/steags/ros2_eloquent/install/ament_package:/home/steags/ros2_eloquent/install/ament_mypy:/home/steags/ros2_eloquent/install/ament_lint_cmake:/home/steags/ros2_eloquent/install/ament_flake8:/home/steags/ros2_eloquent/install/ament_copyright:/home/steags/ros2_eloquent/install/ament_lint:/home/steags/ros2_eloquent/install/ament_index_python:/home/steags/ros2_eloquent/install/ament_cpplint:/home/steags/ros2_eloquent/install/ament_cppcheck:/home/steags/ros2_eloquent/install/ament_clang_tidy:/home/steags/ros2_eloquent/install/ament_clang_format CONDA_PROMPT_MODIFIER=(base) /usr/local/bin/cmake --install /home/steags/Documents/Jussieu/M2/MAOA/PDI_Project/ROS2_workspace/build/cpp_routes_listener
[8.562s] Level 1:colcon.colcon_core.environment:create_environment_scripts_only(cpp_routes_listener)
[8.563s] DEBUG:colcon.colcon_core.event_handler.log_command:Invoked command in '/home/steags/Documents/Jussieu/M2/MAOA/PDI_Project/ROS2_workspace/build/cpp_routes_listener' returned '0': CMAKE_PREFIX_PATH=${CMAKE_PREFIX_PATH}:/home/steags/ros2_eloquent/install/ros2bag:/home/steags/ros2_eloquent/install/tracetools_launch:/home/steags/ros2_eloquent/install/topic_monitor:/home/steags/ros2_eloquent/install/examples_tf2_py:/home/steags/ros2_eloquent/install/sros2:/home/steags/ros2_eloquent/install/rqt_topic:/home/steags/ros2_eloquent/install/rqt_reconfigure:/home/steags/ros2_eloquent/install/rqt_action:/home/steags/ros2_eloquent/install/rqt:/home/steags/ros2_eloquent/install/rqt_graph:/home/steags/ros2_eloquent/install/rqt_gui_py:/home/steags/ros2_eloquent/install/rqt_gui:/home/steags/ros2_eloquent/install/ros2trace:/home/steags/ros2_eloquent/install/ros2topic:/home/steags/ros2_eloquent/install/ros2test:/home/steags/ros2_eloquent/install/ros2srv:/home/steags/ros2_eloquent/install/ros2component:/home/steags/ros2_eloquent/install/ros2param:/home/steags/ros2_eloquent/install/ros2lifecycle:/home/steags/ros2_eloquent/install/ros2service:/home/steags/ros2_eloquent/install/ros2run:/home/steags/ros2_eloquent/install/ros2launch:/home/steags/ros2_eloquent/install/ros2pkg:/home/steags/ros2_eloquent/install/ros2node:/home/steags/ros2_eloquent/install/ros2multicast:/home/steags/ros2_eloquent/install/ros2msg:/home/steags/ros2_eloquent/install/ros2interface:/home/steags/ros2_eloquent/install/ros2doctor:/home/steags/ros2_eloquent/install/ros2action:/home/steags/ros2_eloquent/install/ros2cli:/home/steags/ros2_eloquent/install/quality_of_service_demo_py:/home/steags/ros2_eloquent/install/launch_testing_ros:/home/steags/ros2_eloquent/install/launch_ros:/home/steags/ros2_eloquent/install/examples_rclpy_minimal_subscriber:/home/steags/ros2_eloquent/install/examples_rclpy_minimal_service:/home/steags/ros2_eloquent/install/examples_rclpy_minimal_publisher:/home/steags/ros2_eloquent/install/examples_rclpy_minimal_client:/home/steags/ros2_eloquent/install/examples_rclpy_minimal_action_server:/home/steags/ros2_eloquent/install/examples_rclpy_minimal_action_client:/home/steags/ros2_eloquent/install/examples_rclpy_executors:/home/steags/ros2_eloquent/install/demo_nodes_py:/home/steags/ros2_eloquent/install/action_tutorials_py:/home/steags/ros2_eloquent/install/ament_uncrustify:/home/steags/ros2_eloquent/install/tracetools_trace:/home/steags/ros2_eloquent/install/tracetools_read:/home/steags/ros2_eloquent/install/test_launch_ros:/home/steags/ros2_eloquent/install/rosidl_runtime_py:/home/steags/ros2_eloquent/install/launch_yaml:/home/steags/ros2_eloquent/install/launch_xml:/home/steags/ros2_eloquent/install/launch_testing:/home/steags/ros2_eloquent/install/launch:/home/steags/ros2_eloquent/install/osrf_pycommon:/home/steags/ros2_eloquent/install/domain_coordinator:/home/steags/ros2_eloquent/install/ament_xmllint:/home/steags/ros2_eloquent/install/ament_pyflakes:/home/steags/ros2_eloquent/install/ament_pep8:/home/steags/ros2_eloquent/install/ament_pep257:/home/steags/ros2_eloquent/install/ament_pclint:/home/steags/ros2_eloquent/install/ament_package:/home/steags/ros2_eloquent/install/ament_mypy:/home/steags/ros2_eloquent/install/ament_lint_cmake:/home/steags/ros2_eloquent/install/ament_flake8:/home/steags/ros2_eloquent/install/ament_copyright:/home/steags/ros2_eloquent/install/ament_lint:/home/steags/ros2_eloquent/install/ament_index_python:/home/steags/ros2_eloquent/install/ament_cpplint:/home/steags/ros2_eloquent/install/ament_cppcheck:/home/steags/ros2_eloquent/install/ament_clang_tidy:/home/steags/ros2_eloquent/install/ament_clang_format CONDA_PROMPT_MODIFIER=(base) /usr/local/bin/cmake --install /home/steags/Documents/Jussieu/M2/MAOA/PDI_Project/ROS2_workspace/build/cpp_routes_listener
[8.905s] Level 1:colcon.colcon_core.environment:checking '/home/steags/Documents/Jussieu/M2/MAOA/PDI_Project/ROS2_workspace/install/cpp_routes_listener' for CMake module files
[8.906s] Level 1:colcon.colcon_core.environment:checking '/home/steags/Documents/Jussieu/M2/MAOA/PDI_Project/ROS2_workspace/install/cpp_routes_listener' for CMake config files
[8.927s] Level 1:colcon.colcon_core.shell:create_environment_hook('cpp_routes_listener', 'cmake_prefix_path')
[8.928s] INFO:colcon.colcon_core.shell:Creating environment hook '/home/steags/Documents/Jussieu/M2/MAOA/PDI_Project/ROS2_workspace/install/cpp_routes_listener/share/cpp_routes_listener/hook/cmake_prefix_path.ps1'
[8.970s] INFO:colcon.colcon_core.shell:Creating environment descriptor '/home/steags/Documents/Jussieu/M2/MAOA/PDI_Project/ROS2_workspace/install/cpp_routes_listener/share/cpp_routes_listener/hook/cmake_prefix_path.dsv'
[8.986s] INFO:colcon.colcon_core.shell:Creating environment hook '/home/steags/Documents/Jussieu/M2/MAOA/PDI_Project/ROS2_workspace/install/cpp_routes_listener/share/cpp_routes_listener/hook/cmake_prefix_path.sh'
[8.990s] Level 1:colcon.colcon_core.environment:checking '/home/steags/Documents/Jussieu/M2/MAOA/PDI_Project/ROS2_workspace/install/cpp_routes_listener/bin'
[8.990s] Level 1:colcon.colcon_core.environment:checking '/home/steags/Documents/Jussieu/M2/MAOA/PDI_Project/ROS2_workspace/install/cpp_routes_listener/lib/pkgconfig/cpp_routes_listener.pc'
[8.990s] Level 1:colcon.colcon_core.environment:checking '/home/steags/Documents/Jussieu/M2/MAOA/PDI_Project/ROS2_workspace/install/cpp_routes_listener/lib/python3.6/site-packages'
[8.991s] INFO:colcon.colcon_core.shell:Creating package script '/home/steags/Documents/Jussieu/M2/MAOA/PDI_Project/ROS2_workspace/install/cpp_routes_listener/share/cpp_routes_listener/package.ps1'
[8.996s] INFO:colcon.colcon_core.shell:Creating package descriptor '/home/steags/Documents/Jussieu/M2/MAOA/PDI_Project/ROS2_workspace/install/cpp_routes_listener/share/cpp_routes_listener/package.dsv'
[8.998s] INFO:colcon.colcon_core.shell:Creating package script '/home/steags/Documents/Jussieu/M2/MAOA/PDI_Project/ROS2_workspace/install/cpp_routes_listener/share/cpp_routes_listener/package.sh'
[8.999s] INFO:colcon.colcon_core.shell:Creating package script '/home/steags/Documents/Jussieu/M2/MAOA/PDI_Project/ROS2_workspace/install/cpp_routes_listener/share/cpp_routes_listener/package.bash'
[9.042s] INFO:colcon.colcon_core.shell:Creating package script '/home/steags/Documents/Jussieu/M2/MAOA/PDI_Project/ROS2_workspace/install/cpp_routes_listener/share/cpp_routes_listener/package.zsh'
[9.083s] Level 1:colcon.colcon_core.environment:create_file_with_runtime_dependencies(/home/steags/Documents/Jussieu/M2/MAOA/PDI_Project/ROS2_workspace/install/cpp_routes_listener/share/colcon-core/packages/cpp_routes_listener)
[9.124s] Level 1:colcon.colcon_core.environment:create_environment_scripts_only(cpp_routes_listener)
[9.125s] Level 1:colcon.colcon_core.environment:checking '/home/steags/Documents/Jussieu/M2/MAOA/PDI_Project/ROS2_workspace/install/cpp_routes_listener' for CMake module files
[9.126s] Level 1:colcon.colcon_core.environment:checking '/home/steags/Documents/Jussieu/M2/MAOA/PDI_Project/ROS2_workspace/install/cpp_routes_listener' for CMake config files
[9.126s] Level 1:colcon.colcon_core.shell:create_environment_hook('cpp_routes_listener', 'cmake_prefix_path')
[9.127s] INFO:colcon.colcon_core.shell:Creating environment hook '/home/steags/Documents/Jussieu/M2/MAOA/PDI_Project/ROS2_workspace/install/cpp_routes_listener/share/cpp_routes_listener/hook/cmake_prefix_path.ps1'
[10.573s] INFO:colcon.colcon_core.shell:Creating environment descriptor '/home/steags/Documents/Jussieu/M2/MAOA/PDI_Project/ROS2_workspace/install/cpp_routes_listener/share/cpp_routes_listener/hook/cmake_prefix_path.dsv'
[10.573s] INFO:colcon.colcon_core.shell:Creating environment hook '/home/steags/Documents/Jussieu/M2/MAOA/PDI_Project/ROS2_workspace/install/cpp_routes_listener/share/cpp_routes_listener/hook/cmake_prefix_path.sh'
[10.574s] Level 1:colcon.colcon_core.environment:checking '/home/steags/Documents/Jussieu/M2/MAOA/PDI_Project/ROS2_workspace/install/cpp_routes_listener/bin'
[10.574s] Level 1:colcon.colcon_core.environment:checking '/home/steags/Documents/Jussieu/M2/MAOA/PDI_Project/ROS2_workspace/install/cpp_routes_listener/lib/pkgconfig/cpp_routes_listener.pc'
[10.574s] Level 1:colcon.colcon_core.environment:checking '/home/steags/Documents/Jussieu/M2/MAOA/PDI_Project/ROS2_workspace/install/cpp_routes_listener/lib/python3.6/site-packages'
[10.575s] INFO:colcon.colcon_core.shell:Creating package script '/home/steags/Documents/Jussieu/M2/MAOA/PDI_Project/ROS2_workspace/install/cpp_routes_listener/share/cpp_routes_listener/package.ps1'
[10.576s] INFO:colcon.colcon_core.shell:Creating package descriptor '/home/steags/Documents/Jussieu/M2/MAOA/PDI_Project/ROS2_workspace/install/cpp_routes_listener/share/cpp_routes_listener/package.dsv'
[10.577s] INFO:colcon.colcon_core.shell:Creating package script '/home/steags/Documents/Jussieu/M2/MAOA/PDI_Project/ROS2_workspace/install/cpp_routes_listener/share/cpp_routes_listener/package.sh'
[10.577s] INFO:colcon.colcon_core.shell:Creating package script '/home/steags/Documents/Jussieu/M2/MAOA/PDI_Project/ROS2_workspace/install/cpp_routes_listener/share/cpp_routes_listener/package.bash'
[10.577s] INFO:colcon.colcon_core.shell:Creating package script '/home/steags/Documents/Jussieu/M2/MAOA/PDI_Project/ROS2_workspace/install/cpp_routes_listener/share/cpp_routes_listener/package.zsh'
[10.578s] Level 1:colcon.colcon_core.environment:create_file_with_runtime_dependencies(/home/steags/Documents/Jussieu/M2/MAOA/PDI_Project/ROS2_workspace/install/cpp_routes_listener/share/colcon-core/packages/cpp_routes_listener)
[21.394s] DEBUG:colcon.colcon_core.event_handler.log_command:Invoked command in '/home/steags/Documents/Jussieu/M2/MAOA/PDI_Project/ROS2_workspace/build/cvrp' returned '0': CMAKE_PREFIX_PATH=${CMAKE_PREFIX_PATH}:/home/steags/ros2_eloquent/install/ros2bag:/home/steags/ros2_eloquent/install/tracetools_launch:/home/steags/ros2_eloquent/install/topic_monitor:/home/steags/ros2_eloquent/install/examples_tf2_py:/home/steags/ros2_eloquent/install/sros2:/home/steags/ros2_eloquent/install/rqt_topic:/home/steags/ros2_eloquent/install/rqt_reconfigure:/home/steags/ros2_eloquent/install/rqt_action:/home/steags/ros2_eloquent/install/rqt:/home/steags/ros2_eloquent/install/rqt_graph:/home/steags/ros2_eloquent/install/rqt_gui_py:/home/steags/ros2_eloquent/install/rqt_gui:/home/steags/ros2_eloquent/install/ros2trace:/home/steags/ros2_eloquent/install/ros2topic:/home/steags/ros2_eloquent/install/ros2test:/home/steags/ros2_eloquent/install/ros2srv:/home/steags/ros2_eloquent/install/ros2component:/home/steags/ros2_eloquent/install/ros2param:/home/steags/ros2_eloquent/install/ros2lifecycle:/home/steags/ros2_eloquent/install/ros2service:/home/steags/ros2_eloquent/install/ros2run:/home/steags/ros2_eloquent/install/ros2launch:/home/steags/ros2_eloquent/install/ros2pkg:/home/steags/ros2_eloquent/install/ros2node:/home/steags/ros2_eloquent/install/ros2multicast:/home/steags/ros2_eloquent/install/ros2msg:/home/steags/ros2_eloquent/install/ros2interface:/home/steags/ros2_eloquent/install/ros2doctor:/home/steags/ros2_eloquent/install/ros2action:/home/steags/ros2_eloquent/install/ros2cli:/home/steags/ros2_eloquent/install/quality_of_service_demo_py:/home/steags/ros2_eloquent/install/launch_testing_ros:/home/steags/ros2_eloquent/install/launch_ros:/home/steags/ros2_eloquent/install/examples_rclpy_minimal_subscriber:/home/steags/ros2_eloquent/install/examples_rclpy_minimal_service:/home/steags/ros2_eloquent/install/examples_rclpy_minimal_publisher:/home/steags/ros2_eloquent/install/examples_rclpy_minimal_client:/home/steags/ros2_eloquent/install/examples_rclpy_minimal_action_server:/home/steags/ros2_eloquent/install/examples_rclpy_minimal_action_client:/home/steags/ros2_eloquent/install/examples_rclpy_executors:/home/steags/ros2_eloquent/install/demo_nodes_py:/home/steags/ros2_eloquent/install/action_tutorials_py:/home/steags/ros2_eloquent/install/ament_uncrustify:/home/steags/ros2_eloquent/install/tracetools_trace:/home/steags/ros2_eloquent/install/tracetools_read:/home/steags/ros2_eloquent/install/test_launch_ros:/home/steags/ros2_eloquent/install/rosidl_runtime_py:/home/steags/ros2_eloquent/install/launch_yaml:/home/steags/ros2_eloquent/install/launch_xml:/home/steags/ros2_eloquent/install/launch_testing:/home/steags/ros2_eloquent/install/launch:/home/steags/ros2_eloquent/install/osrf_pycommon:/home/steags/ros2_eloquent/install/domain_coordinator:/home/steags/ros2_eloquent/install/ament_xmllint:/home/steags/ros2_eloquent/install/ament_pyflakes:/home/steags/ros2_eloquent/install/ament_pep8:/home/steags/ros2_eloquent/install/ament_pep257:/home/steags/ros2_eloquent/install/ament_pclint:/home/steags/ros2_eloquent/install/ament_package:/home/steags/ros2_eloquent/install/ament_mypy:/home/steags/ros2_eloquent/install/ament_lint_cmake:/home/steags/ros2_eloquent/install/ament_flake8:/home/steags/ros2_eloquent/install/ament_copyright:/home/steags/ros2_eloquent/install/ament_lint:/home/steags/ros2_eloquent/install/ament_index_python:/home/steags/ros2_eloquent/install/ament_cpplint:/home/steags/ros2_eloquent/install/ament_cppcheck:/home/steags/ros2_eloquent/install/ament_clang_tidy:/home/steags/ros2_eloquent/install/ament_clang_format CONDA_PROMPT_MODIFIER=(base) /usr/local/bin/cmake --build /home/steags/Documents/Jussieu/M2/MAOA/PDI_Project/ROS2_workspace/build/cvrp -- -j8 -l8
[21.606s] DEBUG:colcon.colcon_core.event_handler.log_command:Invoking command in '/home/steags/Documents/Jussieu/M2/MAOA/PDI_Project/ROS2_workspace/build/cvrp': CMAKE_PREFIX_PATH=${CMAKE_PREFIX_PATH}:/home/steags/ros2_eloquent/install/ros2bag:/home/steags/ros2_eloquent/install/tracetools_launch:/home/steags/ros2_eloquent/install/topic_monitor:/home/steags/ros2_eloquent/install/examples_tf2_py:/home/steags/ros2_eloquent/install/sros2:/home/steags/ros2_eloquent/install/rqt_topic:/home/steags/ros2_eloquent/install/rqt_reconfigure:/home/steags/ros2_eloquent/install/rqt_action:/home/steags/ros2_eloquent/install/rqt:/home/steags/ros2_eloquent/install/rqt_graph:/home/steags/ros2_eloquent/install/rqt_gui_py:/home/steags/ros2_eloquent/install/rqt_gui:/home/steags/ros2_eloquent/install/ros2trace:/home/steags/ros2_eloquent/install/ros2topic:/home/steags/ros2_eloquent/install/ros2test:/home/steags/ros2_eloquent/install/ros2srv:/home/steags/ros2_eloquent/install/ros2component:/home/steags/ros2_eloquent/install/ros2param:/home/steags/ros2_eloquent/install/ros2lifecycle:/home/steags/ros2_eloquent/install/ros2service:/home/steags/ros2_eloquent/install/ros2run:/home/steags/ros2_eloquent/install/ros2launch:/home/steags/ros2_eloquent/install/ros2pkg:/home/steags/ros2_eloquent/install/ros2node:/home/steags/ros2_eloquent/install/ros2multicast:/home/steags/ros2_eloquent/install/ros2msg:/home/steags/ros2_eloquent/install/ros2interface:/home/steags/ros2_eloquent/install/ros2doctor:/home/steags/ros2_eloquent/install/ros2action:/home/steags/ros2_eloquent/install/ros2cli:/home/steags/ros2_eloquent/install/quality_of_service_demo_py:/home/steags/ros2_eloquent/install/launch_testing_ros:/home/steags/ros2_eloquent/install/launch_ros:/home/steags/ros2_eloquent/install/examples_rclpy_minimal_subscriber:/home/steags/ros2_eloquent/install/examples_rclpy_minimal_service:/home/steags/ros2_eloquent/install/examples_rclpy_minimal_publisher:/home/steags/ros2_eloquent/install/examples_rclpy_minimal_client:/home/steags/ros2_eloquent/install/examples_rclpy_minimal_action_server:/home/steags/ros2_eloquent/install/examples_rclpy_minimal_action_client:/home/steags/ros2_eloquent/install/examples_rclpy_executors:/home/steags/ros2_eloquent/install/demo_nodes_py:/home/steags/ros2_eloquent/install/action_tutorials_py:/home/steags/ros2_eloquent/install/ament_uncrustify:/home/steags/ros2_eloquent/install/tracetools_trace:/home/steags/ros2_eloquent/install/tracetools_read:/home/steags/ros2_eloquent/install/test_launch_ros:/home/steags/ros2_eloquent/install/rosidl_runtime_py:/home/steags/ros2_eloquent/install/launch_yaml:/home/steags/ros2_eloquent/install/launch_xml:/home/steags/ros2_eloquent/install/launch_testing:/home/steags/ros2_eloquent/install/launch:/home/steags/ros2_eloquent/install/osrf_pycommon:/home/steags/ros2_eloquent/install/domain_coordinator:/home/steags/ros2_eloquent/install/ament_xmllint:/home/steags/ros2_eloquent/install/ament_pyflakes:/home/steags/ros2_eloquent/install/ament_pep8:/home/steags/ros2_eloquent/install/ament_pep257:/home/steags/ros2_eloquent/install/ament_pclint:/home/steags/ros2_eloquent/install/ament_package:/home/steags/ros2_eloquent/install/ament_mypy:/home/steags/ros2_eloquent/install/ament_lint_cmake:/home/steags/ros2_eloquent/install/ament_flake8:/home/steags/ros2_eloquent/install/ament_copyright:/home/steags/ros2_eloquent/install/ament_lint:/home/steags/ros2_eloquent/install/ament_index_python:/home/steags/ros2_eloquent/install/ament_cpplint:/home/steags/ros2_eloquent/install/ament_cppcheck:/home/steags/ros2_eloquent/install/ament_clang_tidy:/home/steags/ros2_eloquent/install/ament_clang_format CONDA_PROMPT_MODIFIER=(base) /usr/local/bin/cmake --install /home/steags/Documents/Jussieu/M2/MAOA/PDI_Project/ROS2_workspace/build/cvrp
[21.687s] Level 1:colcon.colcon_core.environment:create_environment_scripts_only(cvrp)
[21.691s] Level 1:colcon.colcon_core.environment:checking '/home/steags/Documents/Jussieu/M2/MAOA/PDI_Project/ROS2_workspace/install/cvrp' for CMake module files
[21.693s] DEBUG:colcon.colcon_core.event_handler.log_command:Invoked command in '/home/steags/Documents/Jussieu/M2/MAOA/PDI_Project/ROS2_workspace/build/cvrp' returned '0': CMAKE_PREFIX_PATH=${CMAKE_PREFIX_PATH}:/home/steags/ros2_eloquent/install/ros2bag:/home/steags/ros2_eloquent/install/tracetools_launch:/home/steags/ros2_eloquent/install/topic_monitor:/home/steags/ros2_eloquent/install/examples_tf2_py:/home/steags/ros2_eloquent/install/sros2:/home/steags/ros2_eloquent/install/rqt_topic:/home/steags/ros2_eloquent/install/rqt_reconfigure:/home/steags/ros2_eloquent/install/rqt_action:/home/steags/ros2_eloquent/install/rqt:/home/steags/ros2_eloquent/install/rqt_graph:/home/steags/ros2_eloquent/install/rqt_gui_py:/home/steags/ros2_eloquent/install/rqt_gui:/home/steags/ros2_eloquent/install/ros2trace:/home/steags/ros2_eloquent/install/ros2topic:/home/steags/ros2_eloquent/install/ros2test:/home/steags/ros2_eloquent/install/ros2srv:/home/steags/ros2_eloquent/install/ros2component:/home/steags/ros2_eloquent/install/ros2param:/home/steags/ros2_eloquent/install/ros2lifecycle:/home/steags/ros2_eloquent/install/ros2service:/home/steags/ros2_eloquent/install/ros2run:/home/steags/ros2_eloquent/install/ros2launch:/home/steags/ros2_eloquent/install/ros2pkg:/home/steags/ros2_eloquent/install/ros2node:/home/steags/ros2_eloquent/install/ros2multicast:/home/steags/ros2_eloquent/install/ros2msg:/home/steags/ros2_eloquent/install/ros2interface:/home/steags/ros2_eloquent/install/ros2doctor:/home/steags/ros2_eloquent/install/ros2action:/home/steags/ros2_eloquent/install/ros2cli:/home/steags/ros2_eloquent/install/quality_of_service_demo_py:/home/steags/ros2_eloquent/install/launch_testing_ros:/home/steags/ros2_eloquent/install/launch_ros:/home/steags/ros2_eloquent/install/examples_rclpy_minimal_subscriber:/home/steags/ros2_eloquent/install/examples_rclpy_minimal_service:/home/steags/ros2_eloquent/install/examples_rclpy_minimal_publisher:/home/steags/ros2_eloquent/install/examples_rclpy_minimal_client:/home/steags/ros2_eloquent/install/examples_rclpy_minimal_action_server:/home/steags/ros2_eloquent/install/examples_rclpy_minimal_action_client:/home/steags/ros2_eloquent/install/examples_rclpy_executors:/home/steags/ros2_eloquent/install/demo_nodes_py:/home/steags/ros2_eloquent/install/action_tutorials_py:/home/steags/ros2_eloquent/install/ament_uncrustify:/home/steags/ros2_eloquent/install/tracetools_trace:/home/steags/ros2_eloquent/install/tracetools_read:/home/steags/ros2_eloquent/install/test_launch_ros:/home/steags/ros2_eloquent/install/rosidl_runtime_py:/home/steags/ros2_eloquent/install/launch_yaml:/home/steags/ros2_eloquent/install/launch_xml:/home/steags/ros2_eloquent/install/launch_testing:/home/steags/ros2_eloquent/install/launch:/home/steags/ros2_eloquent/install/osrf_pycommon:/home/steags/ros2_eloquent/install/domain_coordinator:/home/steags/ros2_eloquent/install/ament_xmllint:/home/steags/ros2_eloquent/install/ament_pyflakes:/home/steags/ros2_eloquent/install/ament_pep8:/home/steags/ros2_eloquent/install/ament_pep257:/home/steags/ros2_eloquent/install/ament_pclint:/home/steags/ros2_eloquent/install/ament_package:/home/steags/ros2_eloquent/install/ament_mypy:/home/steags/ros2_eloquent/install/ament_lint_cmake:/home/steags/ros2_eloquent/install/ament_flake8:/home/steags/ros2_eloquent/install/ament_copyright:/home/steags/ros2_eloquent/install/ament_lint:/home/steags/ros2_eloquent/install/ament_index_python:/home/steags/ros2_eloquent/install/ament_cpplint:/home/steags/ros2_eloquent/install/ament_cppcheck:/home/steags/ros2_eloquent/install/ament_clang_tidy:/home/steags/ros2_eloquent/install/ament_clang_format CONDA_PROMPT_MODIFIER=(base) /usr/local/bin/cmake --install /home/steags/Documents/Jussieu/M2/MAOA/PDI_Project/ROS2_workspace/build/cvrp
[21.697s] Level 1:colcon.colcon_core.environment:checking '/home/steags/Documents/Jussieu/M2/MAOA/PDI_Project/ROS2_workspace/install/cvrp' for CMake config files
[21.707s] Level 1:colcon.colcon_core.shell:create_environment_hook('cvrp', 'cmake_prefix_path')
[21.710s] INFO:colcon.colcon_core.shell:Creating environment hook '/home/steags/Documents/Jussieu/M2/MAOA/PDI_Project/ROS2_workspace/install/cvrp/share/cvrp/hook/cmake_prefix_path.ps1'
[21.711s] INFO:colcon.colcon_core.shell:Creating environment descriptor '/home/steags/Documents/Jussieu/M2/MAOA/PDI_Project/ROS2_workspace/install/cvrp/share/cvrp/hook/cmake_prefix_path.dsv'
[21.711s] INFO:colcon.colcon_core.shell:Creating environment hook '/home/steags/Documents/Jussieu/M2/MAOA/PDI_Project/ROS2_workspace/install/cvrp/share/cvrp/hook/cmake_prefix_path.sh'
[21.713s] Level 1:colcon.colcon_core.environment:checking '/home/steags/Documents/Jussieu/M2/MAOA/PDI_Project/ROS2_workspace/install/cvrp/lib'
[21.714s] Level 1:colcon.colcon_core.environment:checking '/home/steags/Documents/Jussieu/M2/MAOA/PDI_Project/ROS2_workspace/install/cvrp/bin'
[21.714s] Level 1:colcon.colcon_core.environment:checking '/home/steags/Documents/Jussieu/M2/MAOA/PDI_Project/ROS2_workspace/install/cvrp/lib/pkgconfig/cvrp.pc'
[21.714s] Level 1:colcon.colcon_core.environment:checking '/home/steags/Documents/Jussieu/M2/MAOA/PDI_Project/ROS2_workspace/install/cvrp/lib/python3.6/site-packages'
[21.716s] INFO:colcon.colcon_core.shell:Creating package script '/home/steags/Documents/Jussieu/M2/MAOA/PDI_Project/ROS2_workspace/install/cvrp/share/cvrp/package.ps1'
[21.717s] INFO:colcon.colcon_core.shell:Creating package descriptor '/home/steags/Documents/Jussieu/M2/MAOA/PDI_Project/ROS2_workspace/install/cvrp/share/cvrp/package.dsv'
[21.718s] INFO:colcon.colcon_core.shell:Creating package script '/home/steags/Documents/Jussieu/M2/MAOA/PDI_Project/ROS2_workspace/install/cvrp/share/cvrp/package.sh'
[21.724s] INFO:colcon.colcon_core.shell:Creating package script '/home/steags/Documents/Jussieu/M2/MAOA/PDI_Project/ROS2_workspace/install/cvrp/share/cvrp/package.bash'
[21.725s] INFO:colcon.colcon_core.shell:Creating package script '/home/steags/Documents/Jussieu/M2/MAOA/PDI_Project/ROS2_workspace/install/cvrp/share/cvrp/package.zsh'
[21.726s] Level 1:colcon.colcon_core.environment:create_file_with_runtime_dependencies(/home/steags/Documents/Jussieu/M2/MAOA/PDI_Project/ROS2_workspace/install/cvrp/share/colcon-core/packages/cvrp)
[21.941s] Level 1:colcon.colcon_core.environment:create_environment_scripts_only(cvrp)
[21.945s] Level 1:colcon.colcon_core.environment:checking '/home/steags/Documents/Jussieu/M2/MAOA/PDI_Project/ROS2_workspace/install/cvrp' for CMake module files
[21.946s] Level 1:colcon.colcon_core.environment:checking '/home/steags/Documents/Jussieu/M2/MAOA/PDI_Project/ROS2_workspace/install/cvrp' for CMake config files
[21.946s] Level 1:colcon.colcon_core.shell:create_environment_hook('cvrp', 'cmake_prefix_path')
[21.949s] INFO:colcon.colcon_core.shell:Creating environment hook '/home/steags/Documents/Jussieu/M2/MAOA/PDI_Project/ROS2_workspace/install/cvrp/share/cvrp/hook/cmake_prefix_path.ps1'
[21.950s] INFO:colcon.colcon_core.shell:Creating environment descriptor '/home/steags/Documents/Jussieu/M2/MAOA/PDI_Project/ROS2_workspace/install/cvrp/share/cvrp/hook/cmake_prefix_path.dsv'
[21.950s] INFO:colcon.colcon_core.shell:Creating environment hook '/home/steags/Documents/Jussieu/M2/MAOA/PDI_Project/ROS2_workspace/install/cvrp/share/cvrp/hook/cmake_prefix_path.sh'
[21.952s] Level 1:colcon.colcon_core.environment:checking '/home/steags/Documents/Jussieu/M2/MAOA/PDI_Project/ROS2_workspace/install/cvrp/lib'
[21.953s] Level 1:colcon.colcon_core.environment:checking '/home/steags/Documents/Jussieu/M2/MAOA/PDI_Project/ROS2_workspace/install/cvrp/bin'
[21.953s] Level 1:colcon.colcon_core.environment:checking '/home/steags/Documents/Jussieu/M2/MAOA/PDI_Project/ROS2_workspace/install/cvrp/lib/pkgconfig/cvrp.pc'
[21.953s] Level 1:colcon.colcon_core.environment:checking '/home/steags/Documents/Jussieu/M2/MAOA/PDI_Project/ROS2_workspace/install/cvrp/lib/python3.6/site-packages'
[21.955s] INFO:colcon.colcon_core.shell:Creating package script '/home/steags/Documents/Jussieu/M2/MAOA/PDI_Project/ROS2_workspace/install/cvrp/share/cvrp/package.ps1'
[21.957s] INFO:colcon.colcon_core.shell:Creating package descriptor '/home/steags/Documents/Jussieu/M2/MAOA/PDI_Project/ROS2_workspace/install/cvrp/share/cvrp/package.dsv'
[21.958s] INFO:colcon.colcon_core.shell:Creating package script '/home/steags/Documents/Jussieu/M2/MAOA/PDI_Project/ROS2_workspace/install/cvrp/share/cvrp/package.sh'
[21.959s] INFO:colcon.colcon_core.shell:Creating package script '/home/steags/Documents/Jussieu/M2/MAOA/PDI_Project/ROS2_workspace/install/cvrp/share/cvrp/package.bash'
[21.960s] INFO:colcon.colcon_core.shell:Creating package script '/home/steags/Documents/Jussieu/M2/MAOA/PDI_Project/ROS2_workspace/install/cvrp/share/cvrp/package.zsh'
[21.961s] Level 1:colcon.colcon_core.environment:create_file_with_runtime_dependencies(/home/steags/Documents/Jussieu/M2/MAOA/PDI_Project/ROS2_workspace/install/cvrp/share/colcon-core/packages/cvrp)
[21.961s] DEBUG:colcon.colcon_parallel_executor.executor.parallel:closing loop
[21.963s] DEBUG:colcon.colcon_parallel_executor.executor.parallel:loop closed
[21.963s] DEBUG:colcon.colcon_parallel_executor.executor.parallel:run_until_complete finished with '0'
[21.963s] DEBUG:colcon.colcon_core.event_reactor:joining thread
[22.141s] INFO:colcon.colcon_core.plugin_system:Skipping extension 'colcon_notification.desktop_notification.terminal_notifier': Not used on non-Darwin systems
[22.141s] INFO:colcon.colcon_core.plugin_system:Skipping extension 'colcon_notification.desktop_notification.win32': Not used on non-Windows systems
[22.141s] INFO:colcon.colcon_notification.desktop_notification:Sending desktop notification using 'notify2'
[22.153s] DEBUG:colcon.colcon_core.event_reactor:joined thread
[22.156s] INFO:colcon.colcon_core.shell:Creating prefix script '/home/steags/Documents/Jussieu/M2/MAOA/PDI_Project/ROS2_workspace/install/local_setup.ps1'
[22.223s] INFO:colcon.colcon_core.shell:Creating prefix util module '/home/steags/Documents/Jussieu/M2/MAOA/PDI_Project/ROS2_workspace/install/_local_setup_util_ps1.py'
[22.300s] INFO:colcon.colcon_core.shell:Creating prefix chain script '/home/steags/Documents/Jussieu/M2/MAOA/PDI_Project/ROS2_workspace/install/setup.ps1'
[22.341s] INFO:colcon.colcon_core.shell:Creating prefix script '/home/steags/Documents/Jussieu/M2/MAOA/PDI_Project/ROS2_workspace/install/local_setup.sh'
[22.346s] INFO:colcon.colcon_core.shell:Creating prefix util module '/home/steags/Documents/Jussieu/M2/MAOA/PDI_Project/ROS2_workspace/install/_local_setup_util_sh.py'
[22.348s] INFO:colcon.colcon_core.shell:Creating prefix chain script '/home/steags/Documents/Jussieu/M2/MAOA/PDI_Project/ROS2_workspace/install/setup.sh'
[22.395s] INFO:colcon.colcon_core.shell:Creating prefix script '/home/steags/Documents/Jussieu/M2/MAOA/PDI_Project/ROS2_workspace/install/local_setup.bash'
[22.419s] INFO:colcon.colcon_core.shell:Creating prefix chain script '/home/steags/Documents/Jussieu/M2/MAOA/PDI_Project/ROS2_workspace/install/setup.bash'
[22.460s] INFO:colcon.colcon_core.shell:Creating prefix script '/home/steags/Documents/Jussieu/M2/MAOA/PDI_Project/ROS2_workspace/install/local_setup.zsh'
[22.485s] INFO:colcon.colcon_core.shell:Creating prefix chain script '/home/steags/Documents/Jussieu/M2/MAOA/PDI_Project/ROS2_workspace/install/setup.zsh'
