[2.679s] DEBUG:colcon:Command line arguments: ['/usr/bin/colcon', 'build']
[2.679s] DEBUG:colcon:Parsed command line arguments: Namespace(ament_cmake_args=None, base_paths=['.'], build_base='build', catkin_cmake_args=None, catkin_skip_building_tests=False, cmake_args=None, cmake_clean_cache=False, cmake_clean_first=False, cmake_force_configure=False, cmake_target=None, cmake_target_skip_unavailable=False, continue_on_error=False, event_handlers=None, executor='parallel', ignore_user_meta=False, install_base='install', log_base=None, log_level=None, main=<bound method BuildVerb.main of <colcon_core.verb.build.BuildVerb object at 0x7f46059d67b8>>, merge_install=False, metas=['./colcon.meta'], packages_above=None, packages_above_and_dependencies=None, packages_above_depth=None, packages_end=None, packages_ignore=None, packages_ignore_regex=None, packages_select=None, packages_select_build_failed=False, packages_select_by_dep=None, packages_select_regex=None, packages_select_test_failures=False, packages_skip=None, packages_skip_build_finished=False, packages_skip_by_dep=None, packages_skip_regex=None, packages_skip_test_passed=False, packages_skip_up_to=None, packages_start=None, packages_up_to=None, packages_up_to_regex=None, parallel_workers=8, paths=None, symlink_install=False, test_result_base=None, verb_extension=<colcon_core.verb.build.BuildVerb object at 0x7f46059d67b8>, verb_name='build', verb_parser=<colcon_defaults.argument_parser.defaults.DefaultArgumentsDecorator object at 0x7f46059d6a20>)
[2.805s] Level 1:colcon.colcon_core.package_discovery:discover_packages(colcon_meta) check parameters
[2.806s] Level 1:colcon.colcon_core.package_discovery:discover_packages(recursive) check parameters
[2.806s] Level 1:colcon.colcon_core.package_discovery:discover_packages(ignore) check parameters
[2.806s] Level 1:colcon.colcon_core.package_discovery:discover_packages(path) check parameters
[2.806s] Level 1:colcon.colcon_core.package_discovery:discover_packages(colcon_meta) discover
[2.806s] Level 1:colcon.colcon_core.package_discovery:discover_packages(recursive) discover
[2.806s] INFO:colcon.colcon_core.package_discovery:Crawling recursively for packages in '/home/steags/Documents/Jussieu/M2/MAOA/PDI_Project/cvrp'
[2.806s] Level 1:colcon.colcon_core.package_identification:_identify(.) by extensions ['ignore', 'ignore_ament_install']
[2.806s] Level 1:colcon.colcon_core.package_identification:_identify(.) by extension 'ignore'
[2.806s] Level 1:colcon.colcon_core.package_identification:_identify(.) by extension 'ignore_ament_install'
[2.807s] Level 1:colcon.colcon_core.package_identification:_identify(.) by extensions ['colcon_pkg']
[2.807s] Level 1:colcon.colcon_core.package_identification:_identify(.) by extension 'colcon_pkg'
[2.807s] Level 1:colcon.colcon_core.package_identification:_identify(.) by extensions ['colcon_meta']
[2.807s] Level 1:colcon.colcon_core.package_identification:_identify(.) by extension 'colcon_meta'
[2.807s] Level 1:colcon.colcon_core.package_identification:_identify(.) by extensions ['ros']
[2.807s] Level 1:colcon.colcon_core.package_identification:_identify(.) by extension 'ros'
[2.880s] DEBUG:colcon.colcon_core.package_identification:Package '.' with type 'ros.ament_cmake' and name 'cvrp'
[2.880s] Level 1:colcon.colcon_core.package_discovery:discover_packages(recursive) using defaults
[2.881s] Level 1:colcon.colcon_core.package_discovery:discover_packages(ignore) discover
[2.881s] Level 1:colcon.colcon_core.package_discovery:discover_packages(ignore) using defaults
[2.881s] Level 1:colcon.colcon_core.package_discovery:discover_packages(path) discover
[2.881s] Level 1:colcon.colcon_core.package_discovery:discover_packages(path) using defaults
[3.089s] Level 5:colcon.colcon_core.verb:set package 'cvrp' build argument 'cmake_args' from command line to 'None'
[3.089s] Level 5:colcon.colcon_core.verb:set package 'cvrp' build argument 'cmake_target' from command line to 'None'
[3.089s] Level 5:colcon.colcon_core.verb:set package 'cvrp' build argument 'cmake_target_skip_unavailable' from command line to 'False'
[3.089s] Level 5:colcon.colcon_core.verb:set package 'cvrp' build argument 'cmake_clean_cache' from command line to 'False'
[3.089s] Level 5:colcon.colcon_core.verb:set package 'cvrp' build argument 'cmake_clean_first' from command line to 'False'
[3.089s] Level 5:colcon.colcon_core.verb:set package 'cvrp' build argument 'cmake_force_configure' from command line to 'False'
[3.089s] Level 5:colcon.colcon_core.verb:set package 'cvrp' build argument 'ament_cmake_args' from command line to 'None'
[3.089s] Level 5:colcon.colcon_core.verb:set package 'cvrp' build argument 'catkin_cmake_args' from command line to 'None'
[3.089s] Level 5:colcon.colcon_core.verb:set package 'cvrp' build argument 'catkin_skip_building_tests' from command line to 'False'
[3.089s] DEBUG:colcon.colcon_core.verb:Building package 'cvrp' with the following arguments: {'ament_cmake_args': None, 'build_base': '/home/steags/Documents/Jussieu/M2/MAOA/PDI_Project/cvrp/build/cvrp', 'catkin_cmake_args': None, 'catkin_skip_building_tests': False, 'cmake_args': None, 'cmake_clean_cache': False, 'cmake_clean_first': False, 'cmake_force_configure': False, 'cmake_target': None, 'cmake_target_skip_unavailable': False, 'install_base': '/home/steags/Documents/Jussieu/M2/MAOA/PDI_Project/cvrp/install/cvrp', 'merge_install': False, 'path': '/home/steags/Documents/Jussieu/M2/MAOA/PDI_Project/cvrp', 'symlink_install': False, 'test_result_base': None}
[3.090s] INFO:colcon.colcon_core.executor:Executing jobs using 'parallel' executor
[3.091s] DEBUG:colcon.colcon_parallel_executor.executor.parallel:run_until_complete
[3.092s] INFO:colcon.colcon_ros.task.ament_cmake.build:Building ROS package in '/home/steags/Documents/Jussieu/M2/MAOA/PDI_Project/cvrp' with build type 'ament_cmake'
[3.092s] INFO:colcon.colcon_cmake.task.cmake.build:Building CMake package in '/home/steags/Documents/Jussieu/M2/MAOA/PDI_Project/cvrp'
[3.207s] INFO:colcon.colcon_core.plugin_system:Skipping extension 'colcon_core.shell.bat': Not used on non-Windows systems
[3.207s] INFO:colcon.colcon_core.shell:Skip shell extension 'powershell' for command environment: Not usable outside of PowerShell
[3.207s] DEBUG:colcon.colcon_core.shell:Skip shell extension 'dsv' for command environment
[3.255s] DEBUG:colcon.colcon_core.event_handler.log_command:Invoking command in '/home/steags/Documents/Jussieu/M2/MAOA/PDI_Project/cvrp/build/cvrp': CONDA_PROMPT_MODIFIER=(base) /usr/local/bin/cmake /home/steags/Documents/Jussieu/M2/MAOA/PDI_Project/cvrp -DCMAKE_INSTALL_PREFIX=/home/steags/Documents/Jussieu/M2/MAOA/PDI_Project/cvrp/install/cvrp
[6.038s] DEBUG:colcon.colcon_core.event_handler.log_command:Invoked command in '/home/steags/Documents/Jussieu/M2/MAOA/PDI_Project/cvrp/build/cvrp' returned '1': CONDA_PROMPT_MODIFIER=(base) /usr/local/bin/cmake /home/steags/Documents/Jussieu/M2/MAOA/PDI_Project/cvrp -DCMAKE_INSTALL_PREFIX=/home/steags/Documents/Jussieu/M2/MAOA/PDI_Project/cvrp/install/cvrp
[6.048s] Level 1:colcon.colcon_core.environment:create_environment_scripts_only(cvrp)
[6.185s] Level 1:colcon.colcon_core.environment:checking '/home/steags/Documents/Jussieu/M2/MAOA/PDI_Project/cvrp/install/cvrp' for CMake module files
[6.185s] Level 1:colcon.colcon_core.environment:checking '/home/steags/Documents/Jussieu/M2/MAOA/PDI_Project/cvrp/install/cvrp' for CMake config files
[6.186s] Level 1:colcon.colcon_core.environment:checking '/home/steags/Documents/Jussieu/M2/MAOA/PDI_Project/cvrp/install/cvrp/bin'
[6.186s] Level 1:colcon.colcon_core.environment:checking '/home/steags/Documents/Jussieu/M2/MAOA/PDI_Project/cvrp/install/cvrp/lib/pkgconfig/cvrp.pc'
[6.186s] Level 1:colcon.colcon_core.environment:checking '/home/steags/Documents/Jussieu/M2/MAOA/PDI_Project/cvrp/install/cvrp/lib/python3.6/site-packages'
[6.187s] INFO:colcon.colcon_core.shell:Creating package script '/home/steags/Documents/Jussieu/M2/MAOA/PDI_Project/cvrp/install/cvrp/share/cvrp/package.ps1'
[6.201s] INFO:colcon.colcon_core.shell:Creating package descriptor '/home/steags/Documents/Jussieu/M2/MAOA/PDI_Project/cvrp/install/cvrp/share/cvrp/package.dsv'
[6.218s] INFO:colcon.colcon_core.shell:Creating package script '/home/steags/Documents/Jussieu/M2/MAOA/PDI_Project/cvrp/install/cvrp/share/cvrp/package.sh'
[6.219s] INFO:colcon.colcon_core.shell:Creating package script '/home/steags/Documents/Jussieu/M2/MAOA/PDI_Project/cvrp/install/cvrp/share/cvrp/package.bash'
[6.240s] INFO:colcon.colcon_core.shell:Creating package script '/home/steags/Documents/Jussieu/M2/MAOA/PDI_Project/cvrp/install/cvrp/share/cvrp/package.zsh'
[6.264s] Level 1:colcon.colcon_core.environment:create_file_with_runtime_dependencies(/home/steags/Documents/Jussieu/M2/MAOA/PDI_Project/cvrp/install/cvrp/share/colcon-core/packages/cvrp)
[6.275s] DEBUG:colcon.colcon_parallel_executor.executor.parallel:closing loop
[6.275s] DEBUG:colcon.colcon_parallel_executor.executor.parallel:loop closed
[6.276s] DEBUG:colcon.colcon_parallel_executor.executor.parallel:run_until_complete finished with '1'
[6.276s] DEBUG:colcon.colcon_core.event_reactor:joining thread
[6.342s] INFO:colcon.colcon_core.plugin_system:Skipping extension 'colcon_notification.desktop_notification.terminal_notifier': Not used on non-Darwin systems
[6.342s] INFO:colcon.colcon_core.plugin_system:Skipping extension 'colcon_notification.desktop_notification.win32': Not used on non-Windows systems
[6.342s] INFO:colcon.colcon_notification.desktop_notification:Sending desktop notification using 'notify2'
[6.344s] DEBUG:colcon.colcon_core.event_reactor:joined thread
[6.345s] INFO:colcon.colcon_core.shell:Creating prefix script '/home/steags/Documents/Jussieu/M2/MAOA/PDI_Project/cvrp/install/local_setup.ps1'
[6.347s] INFO:colcon.colcon_core.shell:Creating prefix util module '/home/steags/Documents/Jussieu/M2/MAOA/PDI_Project/cvrp/install/_local_setup_util_ps1.py'
[6.383s] INFO:colcon.colcon_core.shell:Creating prefix chain script '/home/steags/Documents/Jussieu/M2/MAOA/PDI_Project/cvrp/install/setup.ps1'
[6.390s] INFO:colcon.colcon_core.shell:Creating prefix script '/home/steags/Documents/Jussieu/M2/MAOA/PDI_Project/cvrp/install/local_setup.sh'
[6.391s] INFO:colcon.colcon_core.shell:Creating prefix util module '/home/steags/Documents/Jussieu/M2/MAOA/PDI_Project/cvrp/install/_local_setup_util_sh.py'
[6.392s] INFO:colcon.colcon_core.shell:Creating prefix chain script '/home/steags/Documents/Jussieu/M2/MAOA/PDI_Project/cvrp/install/setup.sh'
[6.394s] INFO:colcon.colcon_core.shell:Creating prefix script '/home/steags/Documents/Jussieu/M2/MAOA/PDI_Project/cvrp/install/local_setup.bash'
[6.395s] INFO:colcon.colcon_core.shell:Creating prefix chain script '/home/steags/Documents/Jussieu/M2/MAOA/PDI_Project/cvrp/install/setup.bash'
[6.398s] INFO:colcon.colcon_core.shell:Creating prefix script '/home/steags/Documents/Jussieu/M2/MAOA/PDI_Project/cvrp/install/local_setup.zsh'
[6.398s] INFO:colcon.colcon_core.shell:Creating prefix chain script '/home/steags/Documents/Jussieu/M2/MAOA/PDI_Project/cvrp/install/setup.zsh'
