[0.148s] Invoking command in '/home/steags/Documents/Jussieu/M2/MAOA/PDI_Project/ROS2_workspace/build/cpp_routes_listener': CONDA_PROMPT_MODIFIER=(py36) /usr/local/bin/cmake /home/steags/Documents/Jussieu/M2/MAOA/PDI_Project/ROS2_workspace/src/cpp_routes_listener -DCMAKE_INSTALL_PREFIX=/home/steags/Documents/Jussieu/M2/MAOA/PDI_Project/ROS2_workspace/install/cpp_routes_listener
[0.255s] -- The C compiler identification is GNU 7.5.0
[0.349s] -- The CXX compiler identification is GNU 7.5.0
[0.372s] -- Check for working C compiler: /usr/bin/cc
[0.436s] -- Check for working C compiler: /usr/bin/cc -- works
[0.440s] -- Detecting C compiler ABI info
[0.509s] -- Detecting C compiler ABI info - done
[0.587s] -- Detecting C compile features
[0.589s] -- Detecting C compile features - done
[0.601s] -- Check for working CXX compiler: /usr/bin/c++
[0.677s] -- Check for working CXX compiler: /usr/bin/c++ -- works
[0.683s] -- Detecting CXX compiler ABI info
[0.771s] -- Detecting CXX compiler ABI info - done
[0.852s] -- Detecting CXX compile features
[0.855s] -- Detecting CXX compile features - done
[0.871s] CMake Error at CMakeLists.txt:19 (find_package):
[0.871s]   By not providing "Findament_cmake.cmake" in CMAKE_MODULE_PATH this project
[0.871s]   has asked CMake to find a package configuration file provided by
[0.871s]   "ament_cmake", but CMake did not find one.
[0.871s] 
[0.871s]   Could not find a package configuration file provided by "ament_cmake" with
[0.871s]   any of the following names:
[0.871s] 
[0.871s]     ament_cmakeConfig.cmake
[0.871s]     ament_cmake-config.cmake
[0.872s] 
[0.872s]   Add the installation prefix of "ament_cmake" to CMAKE_PREFIX_PATH or set
[0.872s]   "ament_cmake_DIR" to a directory containing one of the above files.  If
[0.872s]   "ament_cmake" provides a separate development package or SDK, be sure it
[0.872s]   has been installed.
[0.872s] 
[0.872s] 
[0.872s] -- Configuring incomplete, errors occurred!
[0.872s] See also "/home/steags/Documents/Jussieu/M2/MAOA/PDI_Project/ROS2_workspace/build/cpp_routes_listener/CMakeFiles/CMakeOutput.log".
[0.874s] Invoked command in '/home/steags/Documents/Jussieu/M2/MAOA/PDI_Project/ROS2_workspace/build/cpp_routes_listener' returned '1': CONDA_PROMPT_MODIFIER=(py36) /usr/local/bin/cmake /home/steags/Documents/Jussieu/M2/MAOA/PDI_Project/ROS2_workspace/src/cpp_routes_listener -DCMAKE_INSTALL_PREFIX=/home/steags/Documents/Jussieu/M2/MAOA/PDI_Project/ROS2_workspace/install/cpp_routes_listener
