[0.326s] DEBUG:colcon:Command line arguments: ['/usr/bin/colcon', 'build']
[0.327s] DEBUG:colcon:Parsed command line arguments: Namespace(ament_cmake_args=None, base_paths=['.'], build_base='build', catkin_cmake_args=None, catkin_skip_building_tests=False, cmake_args=None, cmake_clean_cache=False, cmake_clean_first=False, cmake_force_configure=False, cmake_target=None, cmake_target_skip_unavailable=False, continue_on_error=False, event_handlers=None, executor='parallel', ignore_user_meta=False, install_base='install', log_base=None, log_level=None, main=<bound method BuildVerb.main of <colcon_core.verb.build.BuildVerb object at 0x7f96bd8190f0>>, merge_install=False, metas=['./colcon.meta'], packages_above=None, packages_above_and_dependencies=None, packages_above_depth=None, packages_end=None, packages_ignore=None, packages_ignore_regex=None, packages_select=None, packages_select_build_failed=False, packages_select_by_dep=None, packages_select_regex=None, packages_select_test_failures=False, packages_skip=None, packages_skip_build_finished=False, packages_skip_by_dep=None, packages_skip_regex=None, packages_skip_test_passed=False, packages_skip_up_to=None, packages_start=None, packages_up_to=None, packages_up_to_regex=None, parallel_workers=8, paths=None, symlink_install=False, test_result_base=None, verb_extension=<colcon_core.verb.build.BuildVerb object at 0x7f96bd8190f0>, verb_name='build', verb_parser=<colcon_defaults.argument_parser.defaults.DefaultArgumentsDecorator object at 0x7f96bd819358>)
[0.339s] Level 1:colcon.colcon_core.package_discovery:discover_packages(colcon_meta) check parameters
[0.340s] Level 1:colcon.colcon_core.package_discovery:discover_packages(recursive) check parameters
[0.340s] Level 1:colcon.colcon_core.package_discovery:discover_packages(ignore) check parameters
[0.340s] Level 1:colcon.colcon_core.package_discovery:discover_packages(path) check parameters
[0.340s] Level 1:colcon.colcon_core.package_discovery:discover_packages(colcon_meta) discover
[0.340s] Level 1:colcon.colcon_core.package_discovery:discover_packages(recursive) discover
[0.340s] INFO:colcon.colcon_core.package_discovery:Crawling recursively for packages in '/home/steags/Documents/Jussieu/M2/MAOA/PDI_Project/ROS2_workspace'
[0.340s] Level 1:colcon.colcon_core.package_identification:_identify(.) by extensions ['ignore', 'ignore_ament_install']
[0.340s] Level 1:colcon.colcon_core.package_identification:_identify(.) by extension 'ignore'
[0.340s] Level 1:colcon.colcon_core.package_identification:_identify(.) by extension 'ignore_ament_install'
[0.340s] Level 1:colcon.colcon_core.package_identification:_identify(.) by extensions ['colcon_pkg']
[0.340s] Level 1:colcon.colcon_core.package_identification:_identify(.) by extension 'colcon_pkg'
[0.340s] Level 1:colcon.colcon_core.package_identification:_identify(.) by extensions ['colcon_meta']
[0.341s] Level 1:colcon.colcon_core.package_identification:_identify(.) by extension 'colcon_meta'
[0.341s] Level 1:colcon.colcon_core.package_identification:_identify(.) by extensions ['ros']
[0.341s] Level 1:colcon.colcon_core.package_identification:_identify(.) by extension 'ros'
[0.355s] Level 1:colcon.colcon_core.package_identification:_identify(.) by extensions ['cmake', 'python']
[0.355s] Level 1:colcon.colcon_core.package_identification:_identify(.) by extension 'cmake'
[0.355s] Level 1:colcon.colcon_core.package_identification:_identify(.) by extension 'python'
[0.355s] Level 1:colcon.colcon_core.package_identification:_identify(.) by extensions ['python_setup_py']
[0.355s] Level 1:colcon.colcon_core.package_identification:_identify(.) by extension 'python_setup_py'
[0.356s] Level 1:colcon.colcon_core.package_identification:_identify(build) by extensions ['ignore', 'ignore_ament_install']
[0.356s] Level 1:colcon.colcon_core.package_identification:_identify(build) by extension 'ignore'
[0.356s] Level 1:colcon.colcon_core.package_identification:_identify(build) ignored
[0.356s] Level 1:colcon.colcon_core.package_identification:_identify(install) by extensions ['ignore', 'ignore_ament_install']
[0.356s] Level 1:colcon.colcon_core.package_identification:_identify(install) by extension 'ignore'
[0.356s] Level 1:colcon.colcon_core.package_identification:_identify(install) ignored
[0.356s] Level 1:colcon.colcon_core.package_identification:_identify(log) by extensions ['ignore', 'ignore_ament_install']
[0.356s] Level 1:colcon.colcon_core.package_identification:_identify(log) by extension 'ignore'
[0.356s] Level 1:colcon.colcon_core.package_identification:_identify(log) ignored
[0.357s] Level 1:colcon.colcon_core.package_identification:_identify(src) by extensions ['ignore', 'ignore_ament_install']
[0.357s] Level 1:colcon.colcon_core.package_identification:_identify(src) by extension 'ignore'
[0.357s] Level 1:colcon.colcon_core.package_identification:_identify(src) by extension 'ignore_ament_install'
[0.357s] Level 1:colcon.colcon_core.package_identification:_identify(src) by extensions ['colcon_pkg']
[0.357s] Level 1:colcon.colcon_core.package_identification:_identify(src) by extension 'colcon_pkg'
[0.357s] Level 1:colcon.colcon_core.package_identification:_identify(src) by extensions ['colcon_meta']
[0.357s] Level 1:colcon.colcon_core.package_identification:_identify(src) by extension 'colcon_meta'
[0.357s] Level 1:colcon.colcon_core.package_identification:_identify(src) by extensions ['ros']
[0.357s] Level 1:colcon.colcon_core.package_identification:_identify(src) by extension 'ros'
[0.357s] Level 1:colcon.colcon_core.package_identification:_identify(src) by extensions ['cmake', 'python']
[0.357s] Level 1:colcon.colcon_core.package_identification:_identify(src) by extension 'cmake'
[0.357s] Level 1:colcon.colcon_core.package_identification:_identify(src) by extension 'python'
[0.357s] Level 1:colcon.colcon_core.package_identification:_identify(src) by extensions ['python_setup_py']
[0.357s] Level 1:colcon.colcon_core.package_identification:_identify(src) by extension 'python_setup_py'
[0.357s] Level 1:colcon.colcon_core.package_identification:_identify(src/cpp_routes_listener) by extensions ['ignore', 'ignore_ament_install']
[0.357s] Level 1:colcon.colcon_core.package_identification:_identify(src/cpp_routes_listener) by extension 'ignore'
[0.358s] Level 1:colcon.colcon_core.package_identification:_identify(src/cpp_routes_listener) by extension 'ignore_ament_install'
[0.358s] Level 1:colcon.colcon_core.package_identification:_identify(src/cpp_routes_listener) by extensions ['colcon_pkg']
[0.358s] Level 1:colcon.colcon_core.package_identification:_identify(src/cpp_routes_listener) by extension 'colcon_pkg'
[0.358s] Level 1:colcon.colcon_core.package_identification:_identify(src/cpp_routes_listener) by extensions ['colcon_meta']
[0.358s] Level 1:colcon.colcon_core.package_identification:_identify(src/cpp_routes_listener) by extension 'colcon_meta'
[0.358s] Level 1:colcon.colcon_core.package_identification:_identify(src/cpp_routes_listener) by extensions ['ros']
[0.358s] Level 1:colcon.colcon_core.package_identification:_identify(src/cpp_routes_listener) by extension 'ros'
[0.360s] DEBUG:colcon.colcon_core.package_identification:Package 'src/cpp_routes_listener' with type 'ros.ament_cmake' and name 'cpp_routes_listener'
[0.360s] Level 1:colcon.colcon_core.package_identification:_identify(src/cvrp) by extensions ['ignore', 'ignore_ament_install']
[0.361s] Level 1:colcon.colcon_core.package_identification:_identify(src/cvrp) by extension 'ignore'
[0.361s] Level 1:colcon.colcon_core.package_identification:_identify(src/cvrp) by extension 'ignore_ament_install'
[0.361s] Level 1:colcon.colcon_core.package_identification:_identify(src/cvrp) by extensions ['colcon_pkg']
[0.361s] Level 1:colcon.colcon_core.package_identification:_identify(src/cvrp) by extension 'colcon_pkg'
[0.361s] Level 1:colcon.colcon_core.package_identification:_identify(src/cvrp) by extensions ['colcon_meta']
[0.361s] Level 1:colcon.colcon_core.package_identification:_identify(src/cvrp) by extension 'colcon_meta'
[0.361s] Level 1:colcon.colcon_core.package_identification:_identify(src/cvrp) by extensions ['ros']
[0.361s] Level 1:colcon.colcon_core.package_identification:_identify(src/cvrp) by extension 'ros'
[0.362s] DEBUG:colcon.colcon_core.package_identification:Package 'src/cvrp' with type 'ros.ament_cmake' and name 'cvrp'
[0.362s] Level 1:colcon.colcon_core.package_discovery:discover_packages(recursive) using defaults
[0.362s] Level 1:colcon.colcon_core.package_discovery:discover_packages(ignore) discover
[0.362s] Level 1:colcon.colcon_core.package_discovery:discover_packages(ignore) using defaults
[0.362s] Level 1:colcon.colcon_core.package_discovery:discover_packages(path) discover
[0.362s] Level 1:colcon.colcon_core.package_discovery:discover_packages(path) using defaults
[0.409s] Level 5:colcon.colcon_core.verb:set package 'cpp_routes_listener' build argument 'cmake_args' from command line to 'None'
[0.409s] Level 5:colcon.colcon_core.verb:set package 'cpp_routes_listener' build argument 'cmake_target' from command line to 'None'
[0.409s] Level 5:colcon.colcon_core.verb:set package 'cpp_routes_listener' build argument 'cmake_target_skip_unavailable' from command line to 'False'
[0.409s] Level 5:colcon.colcon_core.verb:set package 'cpp_routes_listener' build argument 'cmake_clean_cache' from command line to 'False'
[0.409s] Level 5:colcon.colcon_core.verb:set package 'cpp_routes_listener' build argument 'cmake_clean_first' from command line to 'False'
[0.409s] Level 5:colcon.colcon_core.verb:set package 'cpp_routes_listener' build argument 'cmake_force_configure' from command line to 'False'
[0.409s] Level 5:colcon.colcon_core.verb:set package 'cpp_routes_listener' build argument 'ament_cmake_args' from command line to 'None'
[0.409s] Level 5:colcon.colcon_core.verb:set package 'cpp_routes_listener' build argument 'catkin_cmake_args' from command line to 'None'
[0.409s] Level 5:colcon.colcon_core.verb:set package 'cpp_routes_listener' build argument 'catkin_skip_building_tests' from command line to 'False'
[0.409s] DEBUG:colcon.colcon_core.verb:Building package 'cpp_routes_listener' with the following arguments: {'ament_cmake_args': None, 'build_base': '/home/steags/Documents/Jussieu/M2/MAOA/PDI_Project/ROS2_workspace/build/cpp_routes_listener', 'catkin_cmake_args': None, 'catkin_skip_building_tests': False, 'cmake_args': None, 'cmake_clean_cache': False, 'cmake_clean_first': False, 'cmake_force_configure': False, 'cmake_target': None, 'cmake_target_skip_unavailable': False, 'install_base': '/home/steags/Documents/Jussieu/M2/MAOA/PDI_Project/ROS2_workspace/install/cpp_routes_listener', 'merge_install': False, 'path': '/home/steags/Documents/Jussieu/M2/MAOA/PDI_Project/ROS2_workspace/src/cpp_routes_listener', 'symlink_install': False, 'test_result_base': None}
[0.414s] Level 5:colcon.colcon_core.verb:set package 'cvrp' build argument 'cmake_args' from command line to 'None'
[0.414s] Level 5:colcon.colcon_core.verb:set package 'cvrp' build argument 'cmake_target' from command line to 'None'
[0.414s] Level 5:colcon.colcon_core.verb:set package 'cvrp' build argument 'cmake_target_skip_unavailable' from command line to 'False'
[0.414s] Level 5:colcon.colcon_core.verb:set package 'cvrp' build argument 'cmake_clean_cache' from command line to 'False'
[0.414s] Level 5:colcon.colcon_core.verb:set package 'cvrp' build argument 'cmake_clean_first' from command line to 'False'
[0.414s] Level 5:colcon.colcon_core.verb:set package 'cvrp' build argument 'cmake_force_configure' from command line to 'False'
[0.414s] Level 5:colcon.colcon_core.verb:set package 'cvrp' build argument 'ament_cmake_args' from command line to 'None'
[0.414s] Level 5:colcon.colcon_core.verb:set package 'cvrp' build argument 'catkin_cmake_args' from command line to 'None'
[0.414s] Level 5:colcon.colcon_core.verb:set package 'cvrp' build argument 'catkin_skip_building_tests' from command line to 'False'
[0.414s] DEBUG:colcon.colcon_core.verb:Building package 'cvrp' with the following arguments: {'ament_cmake_args': None, 'build_base': '/home/steags/Documents/Jussieu/M2/MAOA/PDI_Project/ROS2_workspace/build/cvrp', 'catkin_cmake_args': None, 'catkin_skip_building_tests': False, 'cmake_args': None, 'cmake_clean_cache': False, 'cmake_clean_first': False, 'cmake_force_configure': False, 'cmake_target': None, 'cmake_target_skip_unavailable': False, 'install_base': '/home/steags/Documents/Jussieu/M2/MAOA/PDI_Project/ROS2_workspace/install/cvrp', 'merge_install': False, 'path': '/home/steags/Documents/Jussieu/M2/MAOA/PDI_Project/ROS2_workspace/src/cvrp', 'symlink_install': False, 'test_result_base': None}
[0.415s] INFO:colcon.colcon_core.executor:Executing jobs using 'parallel' executor
[0.418s] DEBUG:colcon.colcon_parallel_executor.executor.parallel:run_until_complete
[0.418s] INFO:colcon.colcon_ros.task.ament_cmake.build:Building ROS package in '/home/steags/Documents/Jussieu/M2/MAOA/PDI_Project/ROS2_workspace/src/cpp_routes_listener' with build type 'ament_cmake'
[0.418s] INFO:colcon.colcon_cmake.task.cmake.build:Building CMake package in '/home/steags/Documents/Jussieu/M2/MAOA/PDI_Project/ROS2_workspace/src/cpp_routes_listener'
[0.426s] INFO:colcon.colcon_core.plugin_system:Skipping extension 'colcon_core.shell.bat': Not used on non-Windows systems
[0.427s] INFO:colcon.colcon_core.shell:Skip shell extension 'powershell' for command environment: Not usable outside of PowerShell
[0.427s] DEBUG:colcon.colcon_core.shell:Skip shell extension 'dsv' for command environment
[0.453s] INFO:colcon.colcon_ros.task.ament_cmake.build:Building ROS package in '/home/steags/Documents/Jussieu/M2/MAOA/PDI_Project/ROS2_workspace/src/cvrp' with build type 'ament_cmake'
[0.453s] INFO:colcon.colcon_cmake.task.cmake.build:Building CMake package in '/home/steags/Documents/Jussieu/M2/MAOA/PDI_Project/ROS2_workspace/src/cvrp'
[0.455s] INFO:colcon.colcon_core.shell:Skip shell extension 'powershell' for command environment: Not usable outside of PowerShell
[0.455s] DEBUG:colcon.colcon_core.shell:Skip shell extension 'dsv' for command environment
[0.488s] DEBUG:colcon.colcon_core.event_handler.log_command:Invoking command in '/home/steags/Documents/Jussieu/M2/MAOA/PDI_Project/ROS2_workspace/build/cpp_routes_listener': CMAKE_PREFIX_PATH=${CMAKE_PREFIX_PATH}:/home/steags/ros2_eloquent/install/ros2bag:/home/steags/ros2_eloquent/install/tracetools_launch:/home/steags/ros2_eloquent/install/topic_monitor:/home/steags/ros2_eloquent/install/examples_tf2_py:/home/steags/ros2_eloquent/install/sros2:/home/steags/ros2_eloquent/install/rqt_topic:/home/steags/ros2_eloquent/install/rqt_reconfigure:/home/steags/ros2_eloquent/install/rqt_action:/home/steags/ros2_eloquent/install/rqt:/home/steags/ros2_eloquent/install/rqt_graph:/home/steags/ros2_eloquent/install/rqt_gui_py:/home/steags/ros2_eloquent/install/rqt_gui:/home/steags/ros2_eloquent/install/ros2trace:/home/steags/ros2_eloquent/install/ros2topic:/home/steags/ros2_eloquent/install/ros2test:/home/steags/ros2_eloquent/install/ros2srv:/home/steags/ros2_eloquent/install/ros2component:/home/steags/ros2_eloquent/install/ros2param:/home/steags/ros2_eloquent/install/ros2lifecycle:/home/steags/ros2_eloquent/install/ros2service:/home/steags/ros2_eloquent/install/ros2run:/home/steags/ros2_eloquent/install/ros2launch:/home/steags/ros2_eloquent/install/ros2pkg:/home/steags/ros2_eloquent/install/ros2node:/home/steags/ros2_eloquent/install/ros2multicast:/home/steags/ros2_eloquent/install/ros2msg:/home/steags/ros2_eloquent/install/ros2interface:/home/steags/ros2_eloquent/install/ros2doctor:/home/steags/ros2_eloquent/install/ros2action:/home/steags/ros2_eloquent/install/ros2cli:/home/steags/ros2_eloquent/install/quality_of_service_demo_py:/home/steags/ros2_eloquent/install/launch_testing_ros:/home/steags/ros2_eloquent/install/launch_ros:/home/steags/ros2_eloquent/install/examples_rclpy_minimal_subscriber:/home/steags/ros2_eloquent/install/examples_rclpy_minimal_service:/home/steags/ros2_eloquent/install/examples_rclpy_minimal_publisher:/home/steags/ros2_eloquent/install/examples_rclpy_minimal_client:/home/steags/ros2_eloquent/install/examples_rclpy_minimal_action_server:/home/steags/ros2_eloquent/install/examples_rclpy_minimal_action_client:/home/steags/ros2_eloquent/install/examples_rclpy_executors:/home/steags/ros2_eloquent/install/demo_nodes_py:/home/steags/ros2_eloquent/install/action_tutorials_py:/home/steags/ros2_eloquent/install/ament_uncrustify:/home/steags/ros2_eloquent/install/tracetools_trace:/home/steags/ros2_eloquent/install/tracetools_read:/home/steags/ros2_eloquent/install/test_launch_ros:/home/steags/ros2_eloquent/install/rosidl_runtime_py:/home/steags/ros2_eloquent/install/launch_yaml:/home/steags/ros2_eloquent/install/launch_xml:/home/steags/ros2_eloquent/install/launch_testing:/home/steags/ros2_eloquent/install/launch:/home/steags/ros2_eloquent/install/osrf_pycommon:/home/steags/ros2_eloquent/install/domain_coordinator:/home/steags/ros2_eloquent/install/ament_xmllint:/home/steags/ros2_eloquent/install/ament_pyflakes:/home/steags/ros2_eloquent/install/ament_pep8:/home/steags/ros2_eloquent/install/ament_pep257:/home/steags/ros2_eloquent/install/ament_pclint:/home/steags/ros2_eloquent/install/ament_package:/home/steags/ros2_eloquent/install/ament_mypy:/home/steags/ros2_eloquent/install/ament_lint_cmake:/home/steags/ros2_eloquent/install/ament_flake8:/home/steags/ros2_eloquent/install/ament_copyright:/home/steags/ros2_eloquent/install/ament_lint:/home/steags/ros2_eloquent/install/ament_index_python:/home/steags/ros2_eloquent/install/ament_cpplint:/home/steags/ros2_eloquent/install/ament_cppcheck:/home/steags/ros2_eloquent/install/ament_clang_tidy:/home/steags/ros2_eloquent/install/ament_clang_format CONDA_PROMPT_MODIFIER=(base) /usr/local/bin/cmake --build /home/steags/Documents/Jussieu/M2/MAOA/PDI_Project/ROS2_workspace/build/cpp_routes_listener -- -j8 -l8
[0.509s] DEBUG:colcon.colcon_core.event_handler.log_command:Invoking command in '/home/steags/Documents/Jussieu/M2/MAOA/PDI_Project/ROS2_workspace/build/cvrp': CMAKE_PREFIX_PATH=${CMAKE_PREFIX_PATH}:/home/steags/ros2_eloquent/install/ros2bag:/home/steags/ros2_eloquent/install/tracetools_launch:/home/steags/ros2_eloquent/install/topic_monitor:/home/steags/ros2_eloquent/install/examples_tf2_py:/home/steags/ros2_eloquent/install/sros2:/home/steags/ros2_eloquent/install/rqt_topic:/home/steags/ros2_eloquent/install/rqt_reconfigure:/home/steags/ros2_eloquent/install/rqt_action:/home/steags/ros2_eloquent/install/rqt:/home/steags/ros2_eloquent/install/rqt_graph:/home/steags/ros2_eloquent/install/rqt_gui_py:/home/steags/ros2_eloquent/install/rqt_gui:/home/steags/ros2_eloquent/install/ros2trace:/home/steags/ros2_eloquent/install/ros2topic:/home/steags/ros2_eloquent/install/ros2test:/home/steags/ros2_eloquent/install/ros2srv:/home/steags/ros2_eloquent/install/ros2component:/home/steags/ros2_eloquent/install/ros2param:/home/steags/ros2_eloquent/install/ros2lifecycle:/home/steags/ros2_eloquent/install/ros2service:/home/steags/ros2_eloquent/install/ros2run:/home/steags/ros2_eloquent/install/ros2launch:/home/steags/ros2_eloquent/install/ros2pkg:/home/steags/ros2_eloquent/install/ros2node:/home/steags/ros2_eloquent/install/ros2multicast:/home/steags/ros2_eloquent/install/ros2msg:/home/steags/ros2_eloquent/install/ros2interface:/home/steags/ros2_eloquent/install/ros2doctor:/home/steags/ros2_eloquent/install/ros2action:/home/steags/ros2_eloquent/install/ros2cli:/home/steags/ros2_eloquent/install/quality_of_service_demo_py:/home/steags/ros2_eloquent/install/launch_testing_ros:/home/steags/ros2_eloquent/install/launch_ros:/home/steags/ros2_eloquent/install/examples_rclpy_minimal_subscriber:/home/steags/ros2_eloquent/install/examples_rclpy_minimal_service:/home/steags/ros2_eloquent/install/examples_rclpy_minimal_publisher:/home/steags/ros2_eloquent/install/examples_rclpy_minimal_client:/home/steags/ros2_eloquent/install/examples_rclpy_minimal_action_server:/home/steags/ros2_eloquent/install/examples_rclpy_minimal_action_client:/home/steags/ros2_eloquent/install/examples_rclpy_executors:/home/steags/ros2_eloquent/install/demo_nodes_py:/home/steags/ros2_eloquent/install/action_tutorials_py:/home/steags/ros2_eloquent/install/ament_uncrustify:/home/steags/ros2_eloquent/install/tracetools_trace:/home/steags/ros2_eloquent/install/tracetools_read:/home/steags/ros2_eloquent/install/test_launch_ros:/home/steags/ros2_eloquent/install/rosidl_runtime_py:/home/steags/ros2_eloquent/install/launch_yaml:/home/steags/ros2_eloquent/install/launch_xml:/home/steags/ros2_eloquent/install/launch_testing:/home/steags/ros2_eloquent/install/launch:/home/steags/ros2_eloquent/install/osrf_pycommon:/home/steags/ros2_eloquent/install/domain_coordinator:/home/steags/ros2_eloquent/install/ament_xmllint:/home/steags/ros2_eloquent/install/ament_pyflakes:/home/steags/ros2_eloquent/install/ament_pep8:/home/steags/ros2_eloquent/install/ament_pep257:/home/steags/ros2_eloquent/install/ament_pclint:/home/steags/ros2_eloquent/install/ament_package:/home/steags/ros2_eloquent/install/ament_mypy:/home/steags/ros2_eloquent/install/ament_lint_cmake:/home/steags/ros2_eloquent/install/ament_flake8:/home/steags/ros2_eloquent/install/ament_copyright:/home/steags/ros2_eloquent/install/ament_lint:/home/steags/ros2_eloquent/install/ament_index_python:/home/steags/ros2_eloquent/install/ament_cpplint:/home/steags/ros2_eloquent/install/ament_cppcheck:/home/steags/ros2_eloquent/install/ament_clang_tidy:/home/steags/ros2_eloquent/install/ament_clang_format CONDA_PROMPT_MODIFIER=(base) /usr/local/bin/cmake --build /home/steags/Documents/Jussieu/M2/MAOA/PDI_Project/ROS2_workspace/build/cvrp -- -j8 -l8
[0.537s] DEBUG:colcon.colcon_core.event_handler.log_command:Invoked command in '/home/steags/Documents/Jussieu/M2/MAOA/PDI_Project/ROS2_workspace/build/cpp_routes_listener' returned '0': CMAKE_PREFIX_PATH=${CMAKE_PREFIX_PATH}:/home/steags/ros2_eloquent/install/ros2bag:/home/steags/ros2_eloquent/install/tracetools_launch:/home/steags/ros2_eloquent/install/topic_monitor:/home/steags/ros2_eloquent/install/examples_tf2_py:/home/steags/ros2_eloquent/install/sros2:/home/steags/ros2_eloquent/install/rqt_topic:/home/steags/ros2_eloquent/install/rqt_reconfigure:/home/steags/ros2_eloquent/install/rqt_action:/home/steags/ros2_eloquent/install/rqt:/home/steags/ros2_eloquent/install/rqt_graph:/home/steags/ros2_eloquent/install/rqt_gui_py:/home/steags/ros2_eloquent/install/rqt_gui:/home/steags/ros2_eloquent/install/ros2trace:/home/steags/ros2_eloquent/install/ros2topic:/home/steags/ros2_eloquent/install/ros2test:/home/steags/ros2_eloquent/install/ros2srv:/home/steags/ros2_eloquent/install/ros2component:/home/steags/ros2_eloquent/install/ros2param:/home/steags/ros2_eloquent/install/ros2lifecycle:/home/steags/ros2_eloquent/install/ros2service:/home/steags/ros2_eloquent/install/ros2run:/home/steags/ros2_eloquent/install/ros2launch:/home/steags/ros2_eloquent/install/ros2pkg:/home/steags/ros2_eloquent/install/ros2node:/home/steags/ros2_eloquent/install/ros2multicast:/home/steags/ros2_eloquent/install/ros2msg:/home/steags/ros2_eloquent/install/ros2interface:/home/steags/ros2_eloquent/install/ros2doctor:/home/steags/ros2_eloquent/install/ros2action:/home/steags/ros2_eloquent/install/ros2cli:/home/steags/ros2_eloquent/install/quality_of_service_demo_py:/home/steags/ros2_eloquent/install/launch_testing_ros:/home/steags/ros2_eloquent/install/launch_ros:/home/steags/ros2_eloquent/install/examples_rclpy_minimal_subscriber:/home/steags/ros2_eloquent/install/examples_rclpy_minimal_service:/home/steags/ros2_eloquent/install/examples_rclpy_minimal_publisher:/home/steags/ros2_eloquent/install/examples_rclpy_minimal_client:/home/steags/ros2_eloquent/install/examples_rclpy_minimal_action_server:/home/steags/ros2_eloquent/install/examples_rclpy_minimal_action_client:/home/steags/ros2_eloquent/install/examples_rclpy_executors:/home/steags/ros2_eloquent/install/demo_nodes_py:/home/steags/ros2_eloquent/install/action_tutorials_py:/home/steags/ros2_eloquent/install/ament_uncrustify:/home/steags/ros2_eloquent/install/tracetools_trace:/home/steags/ros2_eloquent/install/tracetools_read:/home/steags/ros2_eloquent/install/test_launch_ros:/home/steags/ros2_eloquent/install/rosidl_runtime_py:/home/steags/ros2_eloquent/install/launch_yaml:/home/steags/ros2_eloquent/install/launch_xml:/home/steags/ros2_eloquent/install/launch_testing:/home/steags/ros2_eloquent/install/launch:/home/steags/ros2_eloquent/install/osrf_pycommon:/home/steags/ros2_eloquent/install/domain_coordinator:/home/steags/ros2_eloquent/install/ament_xmllint:/home/steags/ros2_eloquent/install/ament_pyflakes:/home/steags/ros2_eloquent/install/ament_pep8:/home/steags/ros2_eloquent/install/ament_pep257:/home/steags/ros2_eloquent/install/ament_pclint:/home/steags/ros2_eloquent/install/ament_package:/home/steags/ros2_eloquent/install/ament_mypy:/home/steags/ros2_eloquent/install/ament_lint_cmake:/home/steags/ros2_eloquent/install/ament_flake8:/home/steags/ros2_eloquent/install/ament_copyright:/home/steags/ros2_eloquent/install/ament_lint:/home/steags/ros2_eloquent/install/ament_index_python:/home/steags/ros2_eloquent/install/ament_cpplint:/home/steags/ros2_eloquent/install/ament_cppcheck:/home/steags/ros2_eloquent/install/ament_clang_tidy:/home/steags/ros2_eloquent/install/ament_clang_format CONDA_PROMPT_MODIFIER=(base) /usr/local/bin/cmake --build /home/steags/Documents/Jussieu/M2/MAOA/PDI_Project/ROS2_workspace/build/cpp_routes_listener -- -j8 -l8
[0.593s] DEBUG:colcon.colcon_core.event_handler.log_command:Invoking command in '/home/steags/Documents/Jussieu/M2/MAOA/PDI_Project/ROS2_workspace/build/cpp_routes_listener': CMAKE_PREFIX_PATH=${CMAKE_PREFIX_PATH}:/home/steags/ros2_eloquent/install/ros2bag:/home/steags/ros2_eloquent/install/tracetools_launch:/home/steags/ros2_eloquent/install/topic_monitor:/home/steags/ros2_eloquent/install/examples_tf2_py:/home/steags/ros2_eloquent/install/sros2:/home/steags/ros2_eloquent/install/rqt_topic:/home/steags/ros2_eloquent/install/rqt_reconfigure:/home/steags/ros2_eloquent/install/rqt_action:/home/steags/ros2_eloquent/install/rqt:/home/steags/ros2_eloquent/install/rqt_graph:/home/steags/ros2_eloquent/install/rqt_gui_py:/home/steags/ros2_eloquent/install/rqt_gui:/home/steags/ros2_eloquent/install/ros2trace:/home/steags/ros2_eloquent/install/ros2topic:/home/steags/ros2_eloquent/install/ros2test:/home/steags/ros2_eloquent/install/ros2srv:/home/steags/ros2_eloquent/install/ros2component:/home/steags/ros2_eloquent/install/ros2param:/home/steags/ros2_eloquent/install/ros2lifecycle:/home/steags/ros2_eloquent/install/ros2service:/home/steags/ros2_eloquent/install/ros2run:/home/steags/ros2_eloquent/install/ros2launch:/home/steags/ros2_eloquent/install/ros2pkg:/home/steags/ros2_eloquent/install/ros2node:/home/steags/ros2_eloquent/install/ros2multicast:/home/steags/ros2_eloquent/install/ros2msg:/home/steags/ros2_eloquent/install/ros2interface:/home/steags/ros2_eloquent/install/ros2doctor:/home/steags/ros2_eloquent/install/ros2action:/home/steags/ros2_eloquent/install/ros2cli:/home/steags/ros2_eloquent/install/quality_of_service_demo_py:/home/steags/ros2_eloquent/install/launch_testing_ros:/home/steags/ros2_eloquent/install/launch_ros:/home/steags/ros2_eloquent/install/examples_rclpy_minimal_subscriber:/home/steags/ros2_eloquent/install/examples_rclpy_minimal_service:/home/steags/ros2_eloquent/install/examples_rclpy_minimal_publisher:/home/steags/ros2_eloquent/install/examples_rclpy_minimal_client:/home/steags/ros2_eloquent/install/examples_rclpy_minimal_action_server:/home/steags/ros2_eloquent/install/examples_rclpy_minimal_action_client:/home/steags/ros2_eloquent/install/examples_rclpy_executors:/home/steags/ros2_eloquent/install/demo_nodes_py:/home/steags/ros2_eloquent/install/action_tutorials_py:/home/steags/ros2_eloquent/install/ament_uncrustify:/home/steags/ros2_eloquent/install/tracetools_trace:/home/steags/ros2_eloquent/install/tracetools_read:/home/steags/ros2_eloquent/install/test_launch_ros:/home/steags/ros2_eloquent/install/rosidl_runtime_py:/home/steags/ros2_eloquent/install/launch_yaml:/home/steags/ros2_eloquent/install/launch_xml:/home/steags/ros2_eloquent/install/launch_testing:/home/steags/ros2_eloquent/install/launch:/home/steags/ros2_eloquent/install/osrf_pycommon:/home/steags/ros2_eloquent/install/domain_coordinator:/home/steags/ros2_eloquent/install/ament_xmllint:/home/steags/ros2_eloquent/install/ament_pyflakes:/home/steags/ros2_eloquent/install/ament_pep8:/home/steags/ros2_eloquent/install/ament_pep257:/home/steags/ros2_eloquent/install/ament_pclint:/home/steags/ros2_eloquent/install/ament_package:/home/steags/ros2_eloquent/install/ament_mypy:/home/steags/ros2_eloquent/install/ament_lint_cmake:/home/steags/ros2_eloquent/install/ament_flake8:/home/steags/ros2_eloquent/install/ament_copyright:/home/steags/ros2_eloquent/install/ament_lint:/home/steags/ros2_eloquent/install/ament_index_python:/home/steags/ros2_eloquent/install/ament_cpplint:/home/steags/ros2_eloquent/install/ament_cppcheck:/home/steags/ros2_eloquent/install/ament_clang_tidy:/home/steags/ros2_eloquent/install/ament_clang_format CONDA_PROMPT_MODIFIER=(base) /usr/local/bin/cmake --install /home/steags/Documents/Jussieu/M2/MAOA/PDI_Project/ROS2_workspace/build/cpp_routes_listener
[0.605s] Level 1:colcon.colcon_core.environment:create_environment_scripts_only(cpp_routes_listener)
[0.606s] DEBUG:colcon.colcon_core.event_handler.log_command:Invoked command in '/home/steags/Documents/Jussieu/M2/MAOA/PDI_Project/ROS2_workspace/build/cpp_routes_listener' returned '0': CMAKE_PREFIX_PATH=${CMAKE_PREFIX_PATH}:/home/steags/ros2_eloquent/install/ros2bag:/home/steags/ros2_eloquent/install/tracetools_launch:/home/steags/ros2_eloquent/install/topic_monitor:/home/steags/ros2_eloquent/install/examples_tf2_py:/home/steags/ros2_eloquent/install/sros2:/home/steags/ros2_eloquent/install/rqt_topic:/home/steags/ros2_eloquent/install/rqt_reconfigure:/home/steags/ros2_eloquent/install/rqt_action:/home/steags/ros2_eloquent/install/rqt:/home/steags/ros2_eloquent/install/rqt_graph:/home/steags/ros2_eloquent/install/rqt_gui_py:/home/steags/ros2_eloquent/install/rqt_gui:/home/steags/ros2_eloquent/install/ros2trace:/home/steags/ros2_eloquent/install/ros2topic:/home/steags/ros2_eloquent/install/ros2test:/home/steags/ros2_eloquent/install/ros2srv:/home/steags/ros2_eloquent/install/ros2component:/home/steags/ros2_eloquent/install/ros2param:/home/steags/ros2_eloquent/install/ros2lifecycle:/home/steags/ros2_eloquent/install/ros2service:/home/steags/ros2_eloquent/install/ros2run:/home/steags/ros2_eloquent/install/ros2launch:/home/steags/ros2_eloquent/install/ros2pkg:/home/steags/ros2_eloquent/install/ros2node:/home/steags/ros2_eloquent/install/ros2multicast:/home/steags/ros2_eloquent/install/ros2msg:/home/steags/ros2_eloquent/install/ros2interface:/home/steags/ros2_eloquent/install/ros2doctor:/home/steags/ros2_eloquent/install/ros2action:/home/steags/ros2_eloquent/install/ros2cli:/home/steags/ros2_eloquent/install/quality_of_service_demo_py:/home/steags/ros2_eloquent/install/launch_testing_ros:/home/steags/ros2_eloquent/install/launch_ros:/home/steags/ros2_eloquent/install/examples_rclpy_minimal_subscriber:/home/steags/ros2_eloquent/install/examples_rclpy_minimal_service:/home/steags/ros2_eloquent/install/examples_rclpy_minimal_publisher:/home/steags/ros2_eloquent/install/examples_rclpy_minimal_client:/home/steags/ros2_eloquent/install/examples_rclpy_minimal_action_server:/home/steags/ros2_eloquent/install/examples_rclpy_minimal_action_client:/home/steags/ros2_eloquent/install/examples_rclpy_executors:/home/steags/ros2_eloquent/install/demo_nodes_py:/home/steags/ros2_eloquent/install/action_tutorials_py:/home/steags/ros2_eloquent/install/ament_uncrustify:/home/steags/ros2_eloquent/install/tracetools_trace:/home/steags/ros2_eloquent/install/tracetools_read:/home/steags/ros2_eloquent/install/test_launch_ros:/home/steags/ros2_eloquent/install/rosidl_runtime_py:/home/steags/ros2_eloquent/install/launch_yaml:/home/steags/ros2_eloquent/install/launch_xml:/home/steags/ros2_eloquent/install/launch_testing:/home/steags/ros2_eloquent/install/launch:/home/steags/ros2_eloquent/install/osrf_pycommon:/home/steags/ros2_eloquent/install/domain_coordinator:/home/steags/ros2_eloquent/install/ament_xmllint:/home/steags/ros2_eloquent/install/ament_pyflakes:/home/steags/ros2_eloquent/install/ament_pep8:/home/steags/ros2_eloquent/install/ament_pep257:/home/steags/ros2_eloquent/install/ament_pclint:/home/steags/ros2_eloquent/install/ament_package:/home/steags/ros2_eloquent/install/ament_mypy:/home/steags/ros2_eloquent/install/ament_lint_cmake:/home/steags/ros2_eloquent/install/ament_flake8:/home/steags/ros2_eloquent/install/ament_copyright:/home/steags/ros2_eloquent/install/ament_lint:/home/steags/ros2_eloquent/install/ament_index_python:/home/steags/ros2_eloquent/install/ament_cpplint:/home/steags/ros2_eloquent/install/ament_cppcheck:/home/steags/ros2_eloquent/install/ament_clang_tidy:/home/steags/ros2_eloquent/install/ament_clang_format CONDA_PROMPT_MODIFIER=(base) /usr/local/bin/cmake --install /home/steags/Documents/Jussieu/M2/MAOA/PDI_Project/ROS2_workspace/build/cpp_routes_listener
[0.614s] Level 1:colcon.colcon_core.environment:checking '/home/steags/Documents/Jussieu/M2/MAOA/PDI_Project/ROS2_workspace/install/cpp_routes_listener' for CMake module files
[0.615s] Level 1:colcon.colcon_core.environment:checking '/home/steags/Documents/Jussieu/M2/MAOA/PDI_Project/ROS2_workspace/install/cpp_routes_listener' for CMake config files
[0.615s] Level 1:colcon.colcon_core.shell:create_environment_hook('cpp_routes_listener', 'cmake_prefix_path')
[0.616s] INFO:colcon.colcon_core.shell:Creating environment hook '/home/steags/Documents/Jussieu/M2/MAOA/PDI_Project/ROS2_workspace/install/cpp_routes_listener/share/cpp_routes_listener/hook/cmake_prefix_path.ps1'
[0.617s] INFO:colcon.colcon_core.shell:Creating environment descriptor '/home/steags/Documents/Jussieu/M2/MAOA/PDI_Project/ROS2_workspace/install/cpp_routes_listener/share/cpp_routes_listener/hook/cmake_prefix_path.dsv'
[0.617s] INFO:colcon.colcon_core.shell:Creating environment hook '/home/steags/Documents/Jussieu/M2/MAOA/PDI_Project/ROS2_workspace/install/cpp_routes_listener/share/cpp_routes_listener/hook/cmake_prefix_path.sh'
[0.619s] Level 1:colcon.colcon_core.environment:checking '/home/steags/Documents/Jussieu/M2/MAOA/PDI_Project/ROS2_workspace/install/cpp_routes_listener/bin'
[0.619s] Level 1:colcon.colcon_core.environment:checking '/home/steags/Documents/Jussieu/M2/MAOA/PDI_Project/ROS2_workspace/install/cpp_routes_listener/lib/pkgconfig/cpp_routes_listener.pc'
[0.619s] Level 1:colcon.colcon_core.environment:checking '/home/steags/Documents/Jussieu/M2/MAOA/PDI_Project/ROS2_workspace/install/cpp_routes_listener/lib/python3.6/site-packages'
[0.620s] INFO:colcon.colcon_core.shell:Creating package script '/home/steags/Documents/Jussieu/M2/MAOA/PDI_Project/ROS2_workspace/install/cpp_routes_listener/share/cpp_routes_listener/package.ps1'
[0.621s] INFO:colcon.colcon_core.shell:Creating package descriptor '/home/steags/Documents/Jussieu/M2/MAOA/PDI_Project/ROS2_workspace/install/cpp_routes_listener/share/cpp_routes_listener/package.dsv'
[0.621s] INFO:colcon.colcon_core.shell:Creating package script '/home/steags/Documents/Jussieu/M2/MAOA/PDI_Project/ROS2_workspace/install/cpp_routes_listener/share/cpp_routes_listener/package.sh'
[0.622s] INFO:colcon.colcon_core.shell:Creating package script '/home/steags/Documents/Jussieu/M2/MAOA/PDI_Project/ROS2_workspace/install/cpp_routes_listener/share/cpp_routes_listener/package.bash'
[0.623s] INFO:colcon.colcon_core.shell:Creating package script '/home/steags/Documents/Jussieu/M2/MAOA/PDI_Project/ROS2_workspace/install/cpp_routes_listener/share/cpp_routes_listener/package.zsh'
[0.624s] Level 1:colcon.colcon_core.environment:create_file_with_runtime_dependencies(/home/steags/Documents/Jussieu/M2/MAOA/PDI_Project/ROS2_workspace/install/cpp_routes_listener/share/colcon-core/packages/cpp_routes_listener)
[0.671s] Level 1:colcon.colcon_core.environment:create_environment_scripts_only(cpp_routes_listener)
[0.673s] Level 1:colcon.colcon_core.environment:checking '/home/steags/Documents/Jussieu/M2/MAOA/PDI_Project/ROS2_workspace/install/cpp_routes_listener' for CMake module files
[0.673s] Level 1:colcon.colcon_core.environment:checking '/home/steags/Documents/Jussieu/M2/MAOA/PDI_Project/ROS2_workspace/install/cpp_routes_listener' for CMake config files
[0.674s] Level 1:colcon.colcon_core.shell:create_environment_hook('cpp_routes_listener', 'cmake_prefix_path')
[0.674s] INFO:colcon.colcon_core.shell:Creating environment hook '/home/steags/Documents/Jussieu/M2/MAOA/PDI_Project/ROS2_workspace/install/cpp_routes_listener/share/cpp_routes_listener/hook/cmake_prefix_path.ps1'
[0.675s] INFO:colcon.colcon_core.shell:Creating environment descriptor '/home/steags/Documents/Jussieu/M2/MAOA/PDI_Project/ROS2_workspace/install/cpp_routes_listener/share/cpp_routes_listener/hook/cmake_prefix_path.dsv'
[0.675s] INFO:colcon.colcon_core.shell:Creating environment hook '/home/steags/Documents/Jussieu/M2/MAOA/PDI_Project/ROS2_workspace/install/cpp_routes_listener/share/cpp_routes_listener/hook/cmake_prefix_path.sh'
[0.676s] Level 1:colcon.colcon_core.environment:checking '/home/steags/Documents/Jussieu/M2/MAOA/PDI_Project/ROS2_workspace/install/cpp_routes_listener/bin'
[0.676s] Level 1:colcon.colcon_core.environment:checking '/home/steags/Documents/Jussieu/M2/MAOA/PDI_Project/ROS2_workspace/install/cpp_routes_listener/lib/pkgconfig/cpp_routes_listener.pc'
[0.676s] Level 1:colcon.colcon_core.environment:checking '/home/steags/Documents/Jussieu/M2/MAOA/PDI_Project/ROS2_workspace/install/cpp_routes_listener/lib/python3.6/site-packages'
[0.677s] INFO:colcon.colcon_core.shell:Creating package script '/home/steags/Documents/Jussieu/M2/MAOA/PDI_Project/ROS2_workspace/install/cpp_routes_listener/share/cpp_routes_listener/package.ps1'
[0.678s] INFO:colcon.colcon_core.shell:Creating package descriptor '/home/steags/Documents/Jussieu/M2/MAOA/PDI_Project/ROS2_workspace/install/cpp_routes_listener/share/cpp_routes_listener/package.dsv'
[0.678s] INFO:colcon.colcon_core.shell:Creating package script '/home/steags/Documents/Jussieu/M2/MAOA/PDI_Project/ROS2_workspace/install/cpp_routes_listener/share/cpp_routes_listener/package.sh'
[0.678s] INFO:colcon.colcon_core.shell:Creating package script '/home/steags/Documents/Jussieu/M2/MAOA/PDI_Project/ROS2_workspace/install/cpp_routes_listener/share/cpp_routes_listener/package.bash'
[0.679s] INFO:colcon.colcon_core.shell:Creating package script '/home/steags/Documents/Jussieu/M2/MAOA/PDI_Project/ROS2_workspace/install/cpp_routes_listener/share/cpp_routes_listener/package.zsh'
[0.679s] Level 1:colcon.colcon_core.environment:create_file_with_runtime_dependencies(/home/steags/Documents/Jussieu/M2/MAOA/PDI_Project/ROS2_workspace/install/cpp_routes_listener/share/colcon-core/packages/cpp_routes_listener)
[2.746s] DEBUG:colcon.colcon_core.event_handler.log_command:Invoked command in '/home/steags/Documents/Jussieu/M2/MAOA/PDI_Project/ROS2_workspace/build/cvrp' returned '0': CMAKE_PREFIX_PATH=${CMAKE_PREFIX_PATH}:/home/steags/ros2_eloquent/install/ros2bag:/home/steags/ros2_eloquent/install/tracetools_launch:/home/steags/ros2_eloquent/install/topic_monitor:/home/steags/ros2_eloquent/install/examples_tf2_py:/home/steags/ros2_eloquent/install/sros2:/home/steags/ros2_eloquent/install/rqt_topic:/home/steags/ros2_eloquent/install/rqt_reconfigure:/home/steags/ros2_eloquent/install/rqt_action:/home/steags/ros2_eloquent/install/rqt:/home/steags/ros2_eloquent/install/rqt_graph:/home/steags/ros2_eloquent/install/rqt_gui_py:/home/steags/ros2_eloquent/install/rqt_gui:/home/steags/ros2_eloquent/install/ros2trace:/home/steags/ros2_eloquent/install/ros2topic:/home/steags/ros2_eloquent/install/ros2test:/home/steags/ros2_eloquent/install/ros2srv:/home/steags/ros2_eloquent/install/ros2component:/home/steags/ros2_eloquent/install/ros2param:/home/steags/ros2_eloquent/install/ros2lifecycle:/home/steags/ros2_eloquent/install/ros2service:/home/steags/ros2_eloquent/install/ros2run:/home/steags/ros2_eloquent/install/ros2launch:/home/steags/ros2_eloquent/install/ros2pkg:/home/steags/ros2_eloquent/install/ros2node:/home/steags/ros2_eloquent/install/ros2multicast:/home/steags/ros2_eloquent/install/ros2msg:/home/steags/ros2_eloquent/install/ros2interface:/home/steags/ros2_eloquent/install/ros2doctor:/home/steags/ros2_eloquent/install/ros2action:/home/steags/ros2_eloquent/install/ros2cli:/home/steags/ros2_eloquent/install/quality_of_service_demo_py:/home/steags/ros2_eloquent/install/launch_testing_ros:/home/steags/ros2_eloquent/install/launch_ros:/home/steags/ros2_eloquent/install/examples_rclpy_minimal_subscriber:/home/steags/ros2_eloquent/install/examples_rclpy_minimal_service:/home/steags/ros2_eloquent/install/examples_rclpy_minimal_publisher:/home/steags/ros2_eloquent/install/examples_rclpy_minimal_client:/home/steags/ros2_eloquent/install/examples_rclpy_minimal_action_server:/home/steags/ros2_eloquent/install/examples_rclpy_minimal_action_client:/home/steags/ros2_eloquent/install/examples_rclpy_executors:/home/steags/ros2_eloquent/install/demo_nodes_py:/home/steags/ros2_eloquent/install/action_tutorials_py:/home/steags/ros2_eloquent/install/ament_uncrustify:/home/steags/ros2_eloquent/install/tracetools_trace:/home/steags/ros2_eloquent/install/tracetools_read:/home/steags/ros2_eloquent/install/test_launch_ros:/home/steags/ros2_eloquent/install/rosidl_runtime_py:/home/steags/ros2_eloquent/install/launch_yaml:/home/steags/ros2_eloquent/install/launch_xml:/home/steags/ros2_eloquent/install/launch_testing:/home/steags/ros2_eloquent/install/launch:/home/steags/ros2_eloquent/install/osrf_pycommon:/home/steags/ros2_eloquent/install/domain_coordinator:/home/steags/ros2_eloquent/install/ament_xmllint:/home/steags/ros2_eloquent/install/ament_pyflakes:/home/steags/ros2_eloquent/install/ament_pep8:/home/steags/ros2_eloquent/install/ament_pep257:/home/steags/ros2_eloquent/install/ament_pclint:/home/steags/ros2_eloquent/install/ament_package:/home/steags/ros2_eloquent/install/ament_mypy:/home/steags/ros2_eloquent/install/ament_lint_cmake:/home/steags/ros2_eloquent/install/ament_flake8:/home/steags/ros2_eloquent/install/ament_copyright:/home/steags/ros2_eloquent/install/ament_lint:/home/steags/ros2_eloquent/install/ament_index_python:/home/steags/ros2_eloquent/install/ament_cpplint:/home/steags/ros2_eloquent/install/ament_cppcheck:/home/steags/ros2_eloquent/install/ament_clang_tidy:/home/steags/ros2_eloquent/install/ament_clang_format CONDA_PROMPT_MODIFIER=(base) /usr/local/bin/cmake --build /home/steags/Documents/Jussieu/M2/MAOA/PDI_Project/ROS2_workspace/build/cvrp -- -j8 -l8
[2.859s] DEBUG:colcon.colcon_core.event_handler.log_command:Invoking command in '/home/steags/Documents/Jussieu/M2/MAOA/PDI_Project/ROS2_workspace/build/cvrp': CMAKE_PREFIX_PATH=${CMAKE_PREFIX_PATH}:/home/steags/ros2_eloquent/install/ros2bag:/home/steags/ros2_eloquent/install/tracetools_launch:/home/steags/ros2_eloquent/install/topic_monitor:/home/steags/ros2_eloquent/install/examples_tf2_py:/home/steags/ros2_eloquent/install/sros2:/home/steags/ros2_eloquent/install/rqt_topic:/home/steags/ros2_eloquent/install/rqt_reconfigure:/home/steags/ros2_eloquent/install/rqt_action:/home/steags/ros2_eloquent/install/rqt:/home/steags/ros2_eloquent/install/rqt_graph:/home/steags/ros2_eloquent/install/rqt_gui_py:/home/steags/ros2_eloquent/install/rqt_gui:/home/steags/ros2_eloquent/install/ros2trace:/home/steags/ros2_eloquent/install/ros2topic:/home/steags/ros2_eloquent/install/ros2test:/home/steags/ros2_eloquent/install/ros2srv:/home/steags/ros2_eloquent/install/ros2component:/home/steags/ros2_eloquent/install/ros2param:/home/steags/ros2_eloquent/install/ros2lifecycle:/home/steags/ros2_eloquent/install/ros2service:/home/steags/ros2_eloquent/install/ros2run:/home/steags/ros2_eloquent/install/ros2launch:/home/steags/ros2_eloquent/install/ros2pkg:/home/steags/ros2_eloquent/install/ros2node:/home/steags/ros2_eloquent/install/ros2multicast:/home/steags/ros2_eloquent/install/ros2msg:/home/steags/ros2_eloquent/install/ros2interface:/home/steags/ros2_eloquent/install/ros2doctor:/home/steags/ros2_eloquent/install/ros2action:/home/steags/ros2_eloquent/install/ros2cli:/home/steags/ros2_eloquent/install/quality_of_service_demo_py:/home/steags/ros2_eloquent/install/launch_testing_ros:/home/steags/ros2_eloquent/install/launch_ros:/home/steags/ros2_eloquent/install/examples_rclpy_minimal_subscriber:/home/steags/ros2_eloquent/install/examples_rclpy_minimal_service:/home/steags/ros2_eloquent/install/examples_rclpy_minimal_publisher:/home/steags/ros2_eloquent/install/examples_rclpy_minimal_client:/home/steags/ros2_eloquent/install/examples_rclpy_minimal_action_server:/home/steags/ros2_eloquent/install/examples_rclpy_minimal_action_client:/home/steags/ros2_eloquent/install/examples_rclpy_executors:/home/steags/ros2_eloquent/install/demo_nodes_py:/home/steags/ros2_eloquent/install/action_tutorials_py:/home/steags/ros2_eloquent/install/ament_uncrustify:/home/steags/ros2_eloquent/install/tracetools_trace:/home/steags/ros2_eloquent/install/tracetools_read:/home/steags/ros2_eloquent/install/test_launch_ros:/home/steags/ros2_eloquent/install/rosidl_runtime_py:/home/steags/ros2_eloquent/install/launch_yaml:/home/steags/ros2_eloquent/install/launch_xml:/home/steags/ros2_eloquent/install/launch_testing:/home/steags/ros2_eloquent/install/launch:/home/steags/ros2_eloquent/install/osrf_pycommon:/home/steags/ros2_eloquent/install/domain_coordinator:/home/steags/ros2_eloquent/install/ament_xmllint:/home/steags/ros2_eloquent/install/ament_pyflakes:/home/steags/ros2_eloquent/install/ament_pep8:/home/steags/ros2_eloquent/install/ament_pep257:/home/steags/ros2_eloquent/install/ament_pclint:/home/steags/ros2_eloquent/install/ament_package:/home/steags/ros2_eloquent/install/ament_mypy:/home/steags/ros2_eloquent/install/ament_lint_cmake:/home/steags/ros2_eloquent/install/ament_flake8:/home/steags/ros2_eloquent/install/ament_copyright:/home/steags/ros2_eloquent/install/ament_lint:/home/steags/ros2_eloquent/install/ament_index_python:/home/steags/ros2_eloquent/install/ament_cpplint:/home/steags/ros2_eloquent/install/ament_cppcheck:/home/steags/ros2_eloquent/install/ament_clang_tidy:/home/steags/ros2_eloquent/install/ament_clang_format CONDA_PROMPT_MODIFIER=(base) /usr/local/bin/cmake --install /home/steags/Documents/Jussieu/M2/MAOA/PDI_Project/ROS2_workspace/build/cvrp
[2.877s] Level 1:colcon.colcon_core.environment:create_environment_scripts_only(cvrp)
[2.879s] Level 1:colcon.colcon_core.environment:checking '/home/steags/Documents/Jussieu/M2/MAOA/PDI_Project/ROS2_workspace/install/cvrp' for CMake module files
[2.880s] DEBUG:colcon.colcon_core.event_handler.log_command:Invoked command in '/home/steags/Documents/Jussieu/M2/MAOA/PDI_Project/ROS2_workspace/build/cvrp' returned '0': CMAKE_PREFIX_PATH=${CMAKE_PREFIX_PATH}:/home/steags/ros2_eloquent/install/ros2bag:/home/steags/ros2_eloquent/install/tracetools_launch:/home/steags/ros2_eloquent/install/topic_monitor:/home/steags/ros2_eloquent/install/examples_tf2_py:/home/steags/ros2_eloquent/install/sros2:/home/steags/ros2_eloquent/install/rqt_topic:/home/steags/ros2_eloquent/install/rqt_reconfigure:/home/steags/ros2_eloquent/install/rqt_action:/home/steags/ros2_eloquent/install/rqt:/home/steags/ros2_eloquent/install/rqt_graph:/home/steags/ros2_eloquent/install/rqt_gui_py:/home/steags/ros2_eloquent/install/rqt_gui:/home/steags/ros2_eloquent/install/ros2trace:/home/steags/ros2_eloquent/install/ros2topic:/home/steags/ros2_eloquent/install/ros2test:/home/steags/ros2_eloquent/install/ros2srv:/home/steags/ros2_eloquent/install/ros2component:/home/steags/ros2_eloquent/install/ros2param:/home/steags/ros2_eloquent/install/ros2lifecycle:/home/steags/ros2_eloquent/install/ros2service:/home/steags/ros2_eloquent/install/ros2run:/home/steags/ros2_eloquent/install/ros2launch:/home/steags/ros2_eloquent/install/ros2pkg:/home/steags/ros2_eloquent/install/ros2node:/home/steags/ros2_eloquent/install/ros2multicast:/home/steags/ros2_eloquent/install/ros2msg:/home/steags/ros2_eloquent/install/ros2interface:/home/steags/ros2_eloquent/install/ros2doctor:/home/steags/ros2_eloquent/install/ros2action:/home/steags/ros2_eloquent/install/ros2cli:/home/steags/ros2_eloquent/install/quality_of_service_demo_py:/home/steags/ros2_eloquent/install/launch_testing_ros:/home/steags/ros2_eloquent/install/launch_ros:/home/steags/ros2_eloquent/install/examples_rclpy_minimal_subscriber:/home/steags/ros2_eloquent/install/examples_rclpy_minimal_service:/home/steags/ros2_eloquent/install/examples_rclpy_minimal_publisher:/home/steags/ros2_eloquent/install/examples_rclpy_minimal_client:/home/steags/ros2_eloquent/install/examples_rclpy_minimal_action_server:/home/steags/ros2_eloquent/install/examples_rclpy_minimal_action_client:/home/steags/ros2_eloquent/install/examples_rclpy_executors:/home/steags/ros2_eloquent/install/demo_nodes_py:/home/steags/ros2_eloquent/install/action_tutorials_py:/home/steags/ros2_eloquent/install/ament_uncrustify:/home/steags/ros2_eloquent/install/tracetools_trace:/home/steags/ros2_eloquent/install/tracetools_read:/home/steags/ros2_eloquent/install/test_launch_ros:/home/steags/ros2_eloquent/install/rosidl_runtime_py:/home/steags/ros2_eloquent/install/launch_yaml:/home/steags/ros2_eloquent/install/launch_xml:/home/steags/ros2_eloquent/install/launch_testing:/home/steags/ros2_eloquent/install/launch:/home/steags/ros2_eloquent/install/osrf_pycommon:/home/steags/ros2_eloquent/install/domain_coordinator:/home/steags/ros2_eloquent/install/ament_xmllint:/home/steags/ros2_eloquent/install/ament_pyflakes:/home/steags/ros2_eloquent/install/ament_pep8:/home/steags/ros2_eloquent/install/ament_pep257:/home/steags/ros2_eloquent/install/ament_pclint:/home/steags/ros2_eloquent/install/ament_package:/home/steags/ros2_eloquent/install/ament_mypy:/home/steags/ros2_eloquent/install/ament_lint_cmake:/home/steags/ros2_eloquent/install/ament_flake8:/home/steags/ros2_eloquent/install/ament_copyright:/home/steags/ros2_eloquent/install/ament_lint:/home/steags/ros2_eloquent/install/ament_index_python:/home/steags/ros2_eloquent/install/ament_cpplint:/home/steags/ros2_eloquent/install/ament_cppcheck:/home/steags/ros2_eloquent/install/ament_clang_tidy:/home/steags/ros2_eloquent/install/ament_clang_format CONDA_PROMPT_MODIFIER=(base) /usr/local/bin/cmake --install /home/steags/Documents/Jussieu/M2/MAOA/PDI_Project/ROS2_workspace/build/cvrp
[2.880s] Level 1:colcon.colcon_core.environment:checking '/home/steags/Documents/Jussieu/M2/MAOA/PDI_Project/ROS2_workspace/install/cvrp' for CMake config files
[2.880s] Level 1:colcon.colcon_core.shell:create_environment_hook('cvrp', 'cmake_prefix_path')
[2.881s] INFO:colcon.colcon_core.shell:Creating environment hook '/home/steags/Documents/Jussieu/M2/MAOA/PDI_Project/ROS2_workspace/install/cvrp/share/cvrp/hook/cmake_prefix_path.ps1'
[2.882s] INFO:colcon.colcon_core.shell:Creating environment descriptor '/home/steags/Documents/Jussieu/M2/MAOA/PDI_Project/ROS2_workspace/install/cvrp/share/cvrp/hook/cmake_prefix_path.dsv'
[2.882s] INFO:colcon.colcon_core.shell:Creating environment hook '/home/steags/Documents/Jussieu/M2/MAOA/PDI_Project/ROS2_workspace/install/cvrp/share/cvrp/hook/cmake_prefix_path.sh'
[2.883s] Level 1:colcon.colcon_core.environment:checking '/home/steags/Documents/Jussieu/M2/MAOA/PDI_Project/ROS2_workspace/install/cvrp/lib'
[2.883s] Level 1:colcon.colcon_core.environment:checking '/home/steags/Documents/Jussieu/M2/MAOA/PDI_Project/ROS2_workspace/install/cvrp/bin'
[2.883s] Level 1:colcon.colcon_core.environment:checking '/home/steags/Documents/Jussieu/M2/MAOA/PDI_Project/ROS2_workspace/install/cvrp/lib/pkgconfig/cvrp.pc'
[2.883s] Level 1:colcon.colcon_core.environment:checking '/home/steags/Documents/Jussieu/M2/MAOA/PDI_Project/ROS2_workspace/install/cvrp/lib/python3.6/site-packages'
[2.884s] INFO:colcon.colcon_core.shell:Creating package script '/home/steags/Documents/Jussieu/M2/MAOA/PDI_Project/ROS2_workspace/install/cvrp/share/cvrp/package.ps1'
[2.885s] INFO:colcon.colcon_core.shell:Creating package descriptor '/home/steags/Documents/Jussieu/M2/MAOA/PDI_Project/ROS2_workspace/install/cvrp/share/cvrp/package.dsv'
[2.885s] INFO:colcon.colcon_core.shell:Creating package script '/home/steags/Documents/Jussieu/M2/MAOA/PDI_Project/ROS2_workspace/install/cvrp/share/cvrp/package.sh'
[2.885s] INFO:colcon.colcon_core.shell:Creating package script '/home/steags/Documents/Jussieu/M2/MAOA/PDI_Project/ROS2_workspace/install/cvrp/share/cvrp/package.bash'
[2.886s] INFO:colcon.colcon_core.shell:Creating package script '/home/steags/Documents/Jussieu/M2/MAOA/PDI_Project/ROS2_workspace/install/cvrp/share/cvrp/package.zsh'
[2.886s] Level 1:colcon.colcon_core.environment:create_file_with_runtime_dependencies(/home/steags/Documents/Jussieu/M2/MAOA/PDI_Project/ROS2_workspace/install/cvrp/share/colcon-core/packages/cvrp)
[2.996s] Level 1:colcon.colcon_core.environment:create_environment_scripts_only(cvrp)
[2.998s] Level 1:colcon.colcon_core.environment:checking '/home/steags/Documents/Jussieu/M2/MAOA/PDI_Project/ROS2_workspace/install/cvrp' for CMake module files
[2.998s] Level 1:colcon.colcon_core.environment:checking '/home/steags/Documents/Jussieu/M2/MAOA/PDI_Project/ROS2_workspace/install/cvrp' for CMake config files
[2.998s] Level 1:colcon.colcon_core.shell:create_environment_hook('cvrp', 'cmake_prefix_path')
[2.999s] INFO:colcon.colcon_core.shell:Creating environment hook '/home/steags/Documents/Jussieu/M2/MAOA/PDI_Project/ROS2_workspace/install/cvrp/share/cvrp/hook/cmake_prefix_path.ps1'
[3.000s] INFO:colcon.colcon_core.shell:Creating environment descriptor '/home/steags/Documents/Jussieu/M2/MAOA/PDI_Project/ROS2_workspace/install/cvrp/share/cvrp/hook/cmake_prefix_path.dsv'
[3.000s] INFO:colcon.colcon_core.shell:Creating environment hook '/home/steags/Documents/Jussieu/M2/MAOA/PDI_Project/ROS2_workspace/install/cvrp/share/cvrp/hook/cmake_prefix_path.sh'
[3.001s] Level 1:colcon.colcon_core.environment:checking '/home/steags/Documents/Jussieu/M2/MAOA/PDI_Project/ROS2_workspace/install/cvrp/lib'
[3.001s] Level 1:colcon.colcon_core.environment:checking '/home/steags/Documents/Jussieu/M2/MAOA/PDI_Project/ROS2_workspace/install/cvrp/bin'
[3.001s] Level 1:colcon.colcon_core.environment:checking '/home/steags/Documents/Jussieu/M2/MAOA/PDI_Project/ROS2_workspace/install/cvrp/lib/pkgconfig/cvrp.pc'
[3.001s] Level 1:colcon.colcon_core.environment:checking '/home/steags/Documents/Jussieu/M2/MAOA/PDI_Project/ROS2_workspace/install/cvrp/lib/python3.6/site-packages'
[3.002s] INFO:colcon.colcon_core.shell:Creating package script '/home/steags/Documents/Jussieu/M2/MAOA/PDI_Project/ROS2_workspace/install/cvrp/share/cvrp/package.ps1'
[3.002s] INFO:colcon.colcon_core.shell:Creating package descriptor '/home/steags/Documents/Jussieu/M2/MAOA/PDI_Project/ROS2_workspace/install/cvrp/share/cvrp/package.dsv'
[3.003s] INFO:colcon.colcon_core.shell:Creating package script '/home/steags/Documents/Jussieu/M2/MAOA/PDI_Project/ROS2_workspace/install/cvrp/share/cvrp/package.sh'
[3.003s] INFO:colcon.colcon_core.shell:Creating package script '/home/steags/Documents/Jussieu/M2/MAOA/PDI_Project/ROS2_workspace/install/cvrp/share/cvrp/package.bash'
[3.004s] INFO:colcon.colcon_core.shell:Creating package script '/home/steags/Documents/Jussieu/M2/MAOA/PDI_Project/ROS2_workspace/install/cvrp/share/cvrp/package.zsh'
[3.004s] Level 1:colcon.colcon_core.environment:create_file_with_runtime_dependencies(/home/steags/Documents/Jussieu/M2/MAOA/PDI_Project/ROS2_workspace/install/cvrp/share/colcon-core/packages/cvrp)
[3.005s] DEBUG:colcon.colcon_parallel_executor.executor.parallel:closing loop
[3.005s] DEBUG:colcon.colcon_parallel_executor.executor.parallel:loop closed
[3.006s] DEBUG:colcon.colcon_parallel_executor.executor.parallel:run_until_complete finished with '0'
[3.006s] DEBUG:colcon.colcon_core.event_reactor:joining thread
[3.022s] INFO:colcon.colcon_core.plugin_system:Skipping extension 'colcon_notification.desktop_notification.terminal_notifier': Not used on non-Darwin systems
[3.022s] INFO:colcon.colcon_core.plugin_system:Skipping extension 'colcon_notification.desktop_notification.win32': Not used on non-Windows systems
[3.022s] INFO:colcon.colcon_notification.desktop_notification:Sending desktop notification using 'notify2'
[3.025s] DEBUG:colcon.colcon_core.event_reactor:joined thread
[3.026s] INFO:colcon.colcon_core.shell:Creating prefix script '/home/steags/Documents/Jussieu/M2/MAOA/PDI_Project/ROS2_workspace/install/local_setup.ps1'
[3.027s] INFO:colcon.colcon_core.shell:Creating prefix util module '/home/steags/Documents/Jussieu/M2/MAOA/PDI_Project/ROS2_workspace/install/_local_setup_util_ps1.py'
[3.029s] INFO:colcon.colcon_core.shell:Creating prefix chain script '/home/steags/Documents/Jussieu/M2/MAOA/PDI_Project/ROS2_workspace/install/setup.ps1'
[3.045s] INFO:colcon.colcon_core.shell:Creating prefix script '/home/steags/Documents/Jussieu/M2/MAOA/PDI_Project/ROS2_workspace/install/local_setup.sh'
[3.045s] INFO:colcon.colcon_core.shell:Creating prefix util module '/home/steags/Documents/Jussieu/M2/MAOA/PDI_Project/ROS2_workspace/install/_local_setup_util_sh.py'
[3.046s] INFO:colcon.colcon_core.shell:Creating prefix chain script '/home/steags/Documents/Jussieu/M2/MAOA/PDI_Project/ROS2_workspace/install/setup.sh'
[3.062s] INFO:colcon.colcon_core.shell:Creating prefix script '/home/steags/Documents/Jussieu/M2/MAOA/PDI_Project/ROS2_workspace/install/local_setup.bash'
[3.062s] INFO:colcon.colcon_core.shell:Creating prefix chain script '/home/steags/Documents/Jussieu/M2/MAOA/PDI_Project/ROS2_workspace/install/setup.bash'
[3.078s] INFO:colcon.colcon_core.shell:Creating prefix script '/home/steags/Documents/Jussieu/M2/MAOA/PDI_Project/ROS2_workspace/install/local_setup.zsh'
[3.078s] INFO:colcon.colcon_core.shell:Creating prefix chain script '/home/steags/Documents/Jussieu/M2/MAOA/PDI_Project/ROS2_workspace/install/setup.zsh'
